#
# A fatal error has been detected by the Java Runtime Environment:
#
#  SIGSEGV (0xb) at pc=0x00007f208ad90324, pid=5785, tid=5809
#
# JRE version: OpenJDK Runtime Environment (17.0.7+7) (build 17.0.7+7-Ubuntu-0ubuntu120.04)
# Java VM: OpenJDK 64-Bit Server VM (17.0.7+7-Ubuntu-0ubuntu120.04, mixed mode, emulated-client, sharing, tiered, compressed oops, compressed class ptrs, g1 gc, linux-amd64)
# Problematic frame:
# V  [libjvm.so+0x752324]  G1ParScanThreadState::trim_queue_to_threshold(unsigned int)+0x3544
#
# No core dump will be written. Core dumps have been disabled. To enable core dumping, try "ulimit -c unlimited" before starting Java again
#
# If you would like to submit a bug report, please visit:
#   Unknown
#

---------------  S U M M A R Y ------------

Command Line: -Dquarkus-internal.serialized-app-model.path=/home/giovani/users/target/quarkus/bootstrap/dev-app-model.dat -javaagent:/home/giovani/.m2/repository/io/quarkus/quarkus-class-change-agent/3.0.2.Final/quarkus-class-change-agent-3.0.2.Final.jar -XX:TieredStopAtLevel=1 -agentlib:jdwp=transport=dt_socket,address=localhost:5005,server=y,suspend=n -Djava.util.logging.manager=org.jboss.logmanager.LogManager /home/giovani/users/target/users-dev.jar

Host: AMD Ryzen 5 5600X 6-Core Processor, 12 cores, 23G, Ubuntu 20.04.6 LTS
Time: Thu Jun 22 22:53:09 2023 -03 elapsed time: 1.948176 seconds (0d 0h 0m 1s)

---------------  T H R E A D  ---------------

Current thread (0x00007f204c0064b0):  GCTaskThread "GC Thread#1" [stack: 0x00007f205c5f6000,0x00007f205c6f6000] [id=5809]

Stack: [0x00007f205c5f6000,0x00007f205c6f6000],  sp=0x00007f205c6f4a50,  free space=1018k
Native frames: (J=compiled Java code, j=interpreted, Vv=VM code, C=native code)
V  [libjvm.so+0x752324]  G1ParScanThreadState::trim_queue_to_threshold(unsigned int)+0x3544
V  [libjvm.so+0x76c65a]  G1ScanHRForRegionClosure::scan_heap_roots(HeapRegion*)+0x54a
V  [libjvm.so+0x763a35]  G1RemSet::scan_heap_roots(G1ParScanThreadState*, unsigned int, G1GCPhaseTimes::GCParPhases, G1GCPhaseTimes::GCParPhases, bool)+0x1b5
V  [libjvm.so+0x70a18f]  G1EvacuateRegionsTask::scan_roots(G1ParScanThreadState*, unsigned int)+0x4f
V  [libjvm.so+0x70a9e7]  G1EvacuateRegionsBaseTask::work(unsigned int)+0x87
V  [libjvm.so+0xf951d7]  GangWorker::loop()+0x67
V  [libjvm.so+0xf95233]
V  [libjvm.so+0xee3914]  Thread::call_run()+0xc4
V  [libjvm.so+0xc347f9]  thread_native_entry(Thread*)+0xe9


siginfo: si_signo: 11 (SIGSEGV), si_code: 1 (SEGV_MAPERR), si_addr: 0x0000000000000100

Register to memory mapping:

RAX=0x0 is NULL
RBX=0x0 is NULL
RCX=0x00007f208a8d0a60: <offset 0x0000000000292a60> in /usr/lib/jvm/java-17-openjdk-amd64/lib/server/libjvm.so at 0x00007f208a63e000
RDX=0x0000000000000001 is an unknown value
RSP=0x00007f205c6f4a50 points into unknown readable memory: 0x00007f205c6f4aa0 | a0 4a 6f 5c 20 7f 00 00
RBP=0x00007f205c6f4ae0 points into unknown readable memory: 0x00007f205c6f4c30 | 30 4c 6f 5c 20 7f 00 00
RSI=0x0000000000000001 is an unknown value
RDI=0x00007f208b966320: <offset 0x0000000001328320> in /usr/lib/jvm/java-17-openjdk-amd64/lib/server/libjvm.so at 0x00007f208a63e000
R8 =0x0000000000000002 is an unknown value
R9 =0x00000008010658c8 is pointing into metadata
R10=0x00007f208b966330: <offset 0x0000000001328330> in /usr/lib/jvm/java-17-openjdk-amd64/lib/server/libjvm.so at 0x00007f208a63e000
R11=0x0 is NULL
R12=0x00007f2000002260 points into unknown readable memory: 0x00007f208b8b7080 | 80 70 8b 8b 20 7f 00 00
R13=0x000000068ac78b4d is pointing into object: java.util.concurrent.locks.ReentrantReadWriteLock 
{0x000000068ac78b38} - klass: 'java/util/concurrent/locks/ReentrantReadWriteLock'
 - ---- fields (total size 3 words):
 - private final 'readerLock' 'Ljava/util/concurrent/locks/ReentrantReadWriteLock$ReadLock;' @12  a 'java/util/concurrent/locks/ReentrantReadWriteLock$ReadLock'{0x000000068ac78b50} (d158f16a)
 - private final 'writerLock' 'Ljava/util/concurrent/locks/ReentrantReadWriteLock$WriteLock;' @16  a 'java/util/concurrent/locks/ReentrantReadWriteLock$WriteLock'{0x000000068ac78ba0} (d158f174)
 - final 'sync' 'Ljava/util/concurrent/locks/ReentrantReadWriteLock$Sync;' @20  
[error occurred during error reporting (printing register info), id 0xb, SIGSEGV (0xb) at pc=0x00007f208b25a8da]

Registers:
RAX=0x0000000000000000, RBX=0x0000000000000000, RCX=0x00007f208a8d0a60, RDX=0x0000000000000001
RSP=0x00007f205c6f4a50, RBP=0x00007f205c6f4ae0, RSI=0x0000000000000001, RDI=0x00007f208b966320
R8 =0x0000000000000002, R9 =0x00000008010658c8, R10=0x00007f208b966330, R11=0x0000000000000000
R12=0x00007f2000002260, R13=0x000000068ac78b4d, R14=0x000000069e41fe08, R15=0x00007f208b9ad18d
RIP=0x00007f208ad90324, EFLAGS=0x0000000000010246, CSGSFS=0x002b000000000033, ERR=0x0000000000000004
  TRAPNO=0x000000000000000e

Top of Stack: (sp=0x00007f205c6f4a50)
0x00007f205c6f4a50:   00007f205c6f4aa0 00007f2078a075e4
0x00007f205c6f4a60:   00007f208b966330 00007f2000000000
0x00007f205c6f4a70:   00007f2084139a20 0000000600000000
0x00007f205c6f4a80:   0000000800000001 0000000000000000 

Instructions: (pc=0x00007f208ad90324)
0x00007f208ad90224:   04 c1 8b 80 c8 00 00 00 48 8d 0c 80 48 8b 82 20
0x00007f208ad90234:   02 00 00 4c 8d 04 c8 49 8b 48 18 48 85 c9 0f 84
0x00007f208ad90244:   28 03 00 00 48 8b 91 00 02 00 00 48 8d 81 00 02
0x00007f208ad90254:   00 00 48 39 c2 0f 84 ca 0e 00 00 48 89 1a 48 83
0x00007f208ad90264:   81 00 02 00 00 08 e9 a9 e8 ff ff 49 8b 97 80 01
0x00007f208ad90274:   00 00 89 c6 83 c0 01 25 ff ff 01 00 48 89 0c f2
0x00007f208ad90284:   41 89 87 80 00 00 00 e9 fd f1 ff ff 31 d2 be 05
0x00007f208ad90294:   00 00 00 bf 18 02 00 00 4c 89 45 b8 e8 fb f2 c7
0x00007f208ad902a4:   ff 4c 8b 45 b8 48 85 c0 48 89 c1 74 1d 48 89 80
0x00007f208ad902b4:   00 02 00 00 48 c7 80 08 02 00 00 00 00 00 00 48
0x00007f208ad902c4:   c7 80 10 02 00 00 00 00 00 00 49 81 00 18 02 00
0x00007f208ad902d4:   00 49 89 48 20 48 8b 81 00 02 00 00 e9 ed e9 ff
0x00007f208ad902e4:   ff 49 8b 94 24 80 01 00 00 89 c6 83 c0 01 25 ff
0x00007f208ad902f4:   ff 01 00 48 89 0c f2 4d 8b 1f 41 8b 77 08 41 89
0x00007f208ad90304:   84 24 80 00 00 00 4c 89 da e9 91 ef ff ff 48 8b
0x00007f208ad90314:   00 48 8d 0d 44 07 b4 ff 48 c7 45 a8 00 00 00 00
0x00007f208ad90324:   48 8b 80 00 01 00 00 48 39 c8 0f 84 3c e6 ff ff
0x00007f208ad90334:   4c 89 55 90 48 8b 7d a0 4c 89 f6 44 88 5d 98 88
0x00007f208ad90344:   55 b8 ff d0 4c 8b 55 90 44 0f b6 5d 98 89 c3 48
0x00007f208ad90354:   98 0f b6 55 b8 48 89 45 a8 e9 0e e6 ff ff 48 8b
0x00007f208ad90364:   00 48 8d 15 f4 06 b4 ff 48 c7 45 a8 00 00 00 00
0x00007f208ad90374:   48 8b 80 00 01 00 00 48 39 d0 0f 84 83 e4 ff ff
0x00007f208ad90384:   44 88 5d 98 4c 89 d6 48 8b 7d a0 4c 89 55 b8 ff
0x00007f208ad90394:   d0 44 0f b6 5d 98 4c 8b 55 b8 89 c3 48 98 48 89
0x00007f208ad903a4:   45 a8 e9 5c e4 ff ff 49 8b 94 24 98 01 00 00 48
0x00007f208ad903b4:   8b 72 08 8b 8e c0 01 00 00 48 d3 e8 48 8b 8e b0
0x00007f208ad903c4:   01 00 00 48 8b 04 c1 8b 80 c8 00 00 00 48 8d 0c
0x00007f208ad903d4:   80 48 8b 82 20 02 00 00 4c 8d 04 c8 49 8b 48 20
0x00007f208ad903e4:   48 85 c9 0f 84 37 0b 00 00 48 8b 91 00 02 00 00
0x00007f208ad903f4:   48 8d 81 00 02 00 00 48 39 c2 0f 84 c7 0a 00 00
0x00007f208ad90404:   48 89 1a 48 83 81 00 02 00 00 08 e9 e4 e7 ff ff
0x00007f208ad90414:   48 8d 15 a9 ab c3 00 8b 7d a8 39 3a 0f 85 8d e0 


Stack slot to memory mapping:
stack at sp + 0 slots: 0x00007f205c6f4aa0 points into unknown readable memory: 0x000000010000e0c0 | c0 e0 00 00 01 00 00 00
stack at sp + 1 slots: 0x00007f2078a075e4 points into unknown readable memory: ff ff ff ff
stack at sp + 2 slots: 0x00007f208b966330: <offset 0x0000000001328330> in /usr/lib/jvm/java-17-openjdk-amd64/lib/server/libjvm.so at 0x00007f208a63e000
stack at sp + 3 slots: 0x00007f2000000000 points into unknown readable memory: 0x00007f2000000020 | 20 00 00 00 20 7f 00 00
stack at sp + 4 slots: 0x00007f2084139a20 points into unknown readable memory: 0x000000069e000000 | 00 00 00 9e 06 00 00 00
stack at sp + 5 slots: 0x0000000600000000 is an unknown value
stack at sp + 6 slots: 0x0000000800000001 is pointing into metadata
stack at sp + 7 slots: 0x0 is NULL


---------------  P R O C E S S  ---------------

Threads class SMR info:
_java_thread_list=0x00007f208576c290, length=17, elements={
0x00007f20840167e0, 0x00007f2084174a40, 0x00007f2084175e20, 0x00007f208417df60,
0x00007f208417f310, 0x00007f2084180720, 0x00007f2084181c90, 0x00007f208418b0e0,
0x00007f2084196800, 0x00007f20380b5ab0, 0x00007f208464b240, 0x00007f2084663c10,
0x00007f2084664bd0, 0x00007f20240d7a30, 0x00007f20240d8b80, 0x00007f208517dfd0,
0x00007f208576b890
}

Java Threads: ( => current thread )
  0x00007f20840167e0 JavaThread "main" [_thread_blocked, id=5786, stack(0x00007f208a1f1000,0x00007f208a2f2000)]
  0x00007f2084174a40 JavaThread "Reference Handler" daemon [_thread_blocked, id=5794, stack(0x00007f205da27000,0x00007f205db28000)]
  0x00007f2084175e20 JavaThread "Finalizer" daemon [_thread_blocked, id=5795, stack(0x00007f205d926000,0x00007f205da27000)]
  0x00007f208417df60 JavaThread "Signal Dispatcher" daemon [_thread_blocked, id=5796, stack(0x00007f205d3cc000,0x00007f205d4cd000)]
  0x00007f208417f310 JavaThread "Service Thread" daemon [_thread_blocked, id=5797, stack(0x00007f205d2cb000,0x00007f205d3cc000)]
  0x00007f2084180720 JavaThread "Monitor Deflation Thread" daemon [_thread_blocked, id=5798, stack(0x00007f205d1ca000,0x00007f205d2cb000)]
  0x00007f2084181c90 JavaThread "C1 CompilerThread0" daemon [_thread_blocked, id=5799, stack(0x00007f205d0c9000,0x00007f205d1ca000)]
  0x00007f208418b0e0 JavaThread "Sweeper thread" daemon [_thread_blocked, id=5800, stack(0x00007f205cfc8000,0x00007f205d0c9000)]
  0x00007f2084196800 JavaThread "Common-Cleaner" daemon [_thread_blocked, id=5801, stack(0x00007f205cec7000,0x00007f205cfc8000)]
  0x00007f20380b5ab0 JavaThread "C1 CompilerThread1" daemon [_thread_blocked, id=5802, stack(0x00007f205cdc6000,0x00007f205cec7000)]
  0x00007f208464b240 JavaThread "JDWP Transport Listener: dt_socket" daemon [_thread_in_native, id=5803, stack(0x00007f205ccad000,0x00007f205cdae000)]
  0x00007f2084663c10 JavaThread "JDWP Event Helper Thread" daemon [_thread_blocked, id=5804, stack(0x00007f205cbac000,0x00007f205ccad000)]
  0x00007f2084664bd0 JavaThread "Notification Thread" daemon [_thread_blocked, id=5805, stack(0x00007f205caab000,0x00007f205cbac000)]
  0x00007f20240d7a30 JavaThread "C1 CompilerThread2" daemon [_thread_blocked, id=5807, stack(0x00007f205c8a8000,0x00007f205c9a9000)]
  0x00007f20240d8b80 JavaThread "C1 CompilerThread3" daemon [_thread_blocked, id=5808, stack(0x00007f205c7a7000,0x00007f205c8a8000)]
  0x00007f208517dfd0 JavaThread "Quarkus Devmode keep alive thread" [_thread_blocked, id=5822, stack(0x00007f1ffb6e2000,0x00007f1ffb7e3000)]
  0x00007f208576b890 JavaThread "ForkJoinPool.commonPool-worker-1" daemon [_thread_blocked, id=5823, stack(0x00007f1ffb5e1000,0x00007f1ffb6e2000)]

Other Threads:
  0x00007f2084170980 VMThread "VM Thread" [stack: 0x00007f205db2a000,0x00007f205dc2a000] [id=5793]
  0x00007f2084018370 WatcherThread [stack: 0x00007f205c9ab000,0x00007f205caab000] [id=5806]
  0x00007f208409dff0 GCTaskThread "GC Thread#0" [stack: 0x00007f20889d8000,0x00007f2088ad8000] [id=5788]
=>0x00007f204c0064b0 GCTaskThread "GC Thread#1" [stack: 0x00007f205c5f6000,0x00007f205c6f6000] [id=5809]
  0x00007f204c006ee0 GCTaskThread "GC Thread#2" [stack: 0x00007f205c4f4000,0x00007f205c5f4000] [id=5810]
  0x00007f204c007910 GCTaskThread "GC Thread#3" [stack: 0x00007f205c3f2000,0x00007f205c4f2000] [id=5811]
  0x00007f204c008340 GCTaskThread "GC Thread#4" [stack: 0x00007f205c2f0000,0x00007f205c3f0000] [id=5812]
  0x00007f204c008d70 GCTaskThread "GC Thread#5" [stack: 0x00007f205c1ee000,0x00007f205c2ee000] [id=5813]
  0x00007f204c0097a0 GCTaskThread "GC Thread#6" [stack: 0x00007f205c0ec000,0x00007f205c1ec000] [id=5814]
  0x00007f204c00a5c0 GCTaskThread "GC Thread#7" [stack: 0x00007f1ffbf00000,0x00007f1ffc000000] [id=5815]
  0x00007f204c00b400 GCTaskThread "GC Thread#8" [stack: 0x00007f1ffbdfe000,0x00007f1ffbefe000] [id=5816]
  0x00007f20840ab180 ConcurrentGCThread "G1 Main Marker" [stack: 0x00007f20888d6000,0x00007f20889d6000] [id=5789]
  0x00007f20840ac0e0 ConcurrentGCThread "G1 Conc#0" [stack: 0x00007f20887d4000,0x00007f20888d4000] [id=5790]
  0x00007f2084145500 ConcurrentGCThread "G1 Refine#0" [stack: 0x00007f205ddff000,0x00007f205deff000] [id=5791]
  0x00007f2058000d20 ConcurrentGCThread "G1 Refine#1" [stack: 0x00007f1ffbbed000,0x00007f1ffbced000] [id=5817]
  0x00007f1fec000d20 ConcurrentGCThread "G1 Refine#2" [stack: 0x00007f1ffbaeb000,0x00007f1ffbbeb000] [id=5818]
  0x00007f1fe0000d20 ConcurrentGCThread "G1 Refine#3" [stack: 0x00007f1ffb9e9000,0x00007f1ffbae9000] [id=5819]
  0x00007f1fe4000d20 ConcurrentGCThread "G1 Refine#4" [stack: 0x00007f1ffb8e7000,0x00007f1ffb9e7000] [id=5820]
  0x00007f1fd8000d20 ConcurrentGCThread "G1 Refine#5" [stack: 0x00007f1ffb7e5000,0x00007f1ffb8e5000] [id=5821]
  0x00007f20841463f0 ConcurrentGCThread "G1 Service" [stack: 0x00007f205dcfd000,0x00007f205ddfd000] [id=5792]

Threads with active compile tasks:
C1 CompilerThread0     1952 2653       1       java.lang.String::decodeASCII (64 bytes)
C1 CompilerThread1     1952 2655       1       java.util.WeakHashMap::<init> (133 bytes)
C1 CompilerThread2     1952 2644   !   1       sun.nio.cs.StreamDecoder::read (196 bytes)
C1 CompilerThread3     1952 2645       1       sun.nio.cs.StreamDecoder::implRead (243 bytes)

VM state: at safepoint (normal execution)

VM Mutex/Monitor currently owned by a thread:  ([mutex/lock_event])
[0x00007f2084013010] Threads_lock - owner thread: 0x00007f2084170980
[0x00007f2084013760] Heap_lock - owner thread: 0x00007f20840167e0

Heap address: 0x0000000689000000, size: 6000 MB, Compressed Oops mode: Zero based, Oop shift amount: 3

CDS archive(s) mapped at: [0x0000000800000000-0x0000000800be2000-0x0000000800be2000), size 12460032, SharedBaseAddress: 0x0000000800000000, ArchiveRelocationMode: 0.
Compressed class space mapped at: 0x0000000801000000-0x0000000841000000, reserved size: 1073741824
Narrow klass base: 0x0000000800000000, Narrow klass shift: 0, Narrow klass range: 0x100000000

GC Precious Log:
 CPUs: 12 total, 12 available
 Memory: 23991M
 Large Page Support: Disabled
 NUMA Support: Disabled
 Compressed Oops: Enabled (Zero based)
 Heap Region Size: 4M
 Heap Min Capacity: 8M
 Heap Initial Capacity: 376M
 Heap Max Capacity: 6000M
 Pre-touch: Disabled
 Parallel Workers: 10
 Concurrent Workers: 3
 Concurrent Refinement Workers: 10
 Periodic GC: Disabled

Heap:
 garbage-first heap   total 393216K, used 115132K [0x0000000689000000, 0x0000000800000000)
  region size 4096K, 21 young (86016K), 3 survivors (12288K)
 Metaspace       used 8403K, committed 8704K, reserved 1114112K
  class space    used 1147K, committed 1280K, reserved 1048576K

Heap Regions: E=young(eden), S=young(survivor), O=old, HS=humongous(starts), HC=humongous(continues), CS=collection set, F=free, OA=open archive, CA=closed archive, TAMS=top-at-mark-start (previous, next)
|   0|0x0000000689000000, 0x0000000689400000, 0x0000000689400000|100%| O|  |TAMS 0x0000000689000000, 0x0000000689000000| Untracked 
|   1|0x0000000689400000, 0x0000000689800000, 0x0000000689800000|100%| O|  |TAMS 0x0000000689400000, 0x0000000689400000| Untracked 
|   2|0x0000000689800000, 0x0000000689c00000, 0x0000000689c00000|100%| O|  |TAMS 0x0000000689800000, 0x0000000689800000| Untracked 
|   3|0x0000000689c00000, 0x000000068a000000, 0x000000068a000000|100%| O|  |TAMS 0x0000000689c00000, 0x0000000689c00000| Untracked 
|   4|0x000000068a000000, 0x000000068a400000, 0x000000068a400000|100%| O|  |TAMS 0x000000068a000000, 0x000000068a000000| Untracked 
|   5|0x000000068a400000, 0x000000068a800000, 0x000000068a800000|100%| O|  |TAMS 0x000000068a400000, 0x000000068a400000| Untracked 
|   6|0x000000068a800000, 0x000000068ac00000, 0x000000068ac00000|100%| O|  |TAMS 0x000000068a800000, 0x000000068a800000| Untracked 
|   7|0x000000068ac00000, 0x000000068b000000, 0x000000068b000000|100%| O|  |TAMS 0x000000068ac00000, 0x000000068ac00000| Untracked 
|   8|0x000000068b000000, 0x000000068b400000, 0x000000068b400000|100%| O|  |TAMS 0x000000068b000000, 0x000000068b000000| Untracked 
|   9|0x000000068b400000, 0x000000068b75d078, 0x000000068b800000| 84%| O|  |TAMS 0x000000068b400000, 0x000000068b400000| Untracked 
|  10|0x000000068b800000, 0x000000068b800000, 0x000000068bc00000|  0%| F|  |TAMS 0x000000068b800000, 0x000000068b800000| Untracked 
|  11|0x000000068bc00000, 0x000000068bc00000, 0x000000068c000000|  0%| F|  |TAMS 0x000000068bc00000, 0x000000068bc00000| Untracked 
|  12|0x000000068c000000, 0x000000068c000000, 0x000000068c400000|  0%| F|  |TAMS 0x000000068c000000, 0x000000068c000000| Untracked 
|  13|0x000000068c400000, 0x000000068c400000, 0x000000068c800000|  0%| F|  |TAMS 0x000000068c400000, 0x000000068c400000| Untracked 
|  14|0x000000068c800000, 0x000000068c800000, 0x000000068cc00000|  0%| F|  |TAMS 0x000000068c800000, 0x000000068c800000| Untracked 
|  15|0x000000068cc00000, 0x000000068cc00000, 0x000000068d000000|  0%| F|  |TAMS 0x000000068cc00000, 0x000000068cc00000| Untracked 
|  16|0x000000068d000000, 0x000000068d000000, 0x000000068d400000|  0%| F|  |TAMS 0x000000068d000000, 0x000000068d000000| Untracked 
|  17|0x000000068d400000, 0x000000068d400000, 0x000000068d800000|  0%| F|  |TAMS 0x000000068d400000, 0x000000068d400000| Untracked 
|  18|0x000000068d800000, 0x000000068d800000, 0x000000068dc00000|  0%| F|  |TAMS 0x000000068d800000, 0x000000068d800000| Untracked 
|  19|0x000000068dc00000, 0x000000068dc00000, 0x000000068e000000|  0%| F|  |TAMS 0x000000068dc00000, 0x000000068dc00000| Untracked 
|  20|0x000000068e000000, 0x000000068e000000, 0x000000068e400000|  0%| F|  |TAMS 0x000000068e000000, 0x000000068e000000| Untracked 
|  21|0x000000068e400000, 0x000000068e400000, 0x000000068e800000|  0%| F|  |TAMS 0x000000068e400000, 0x000000068e400000| Untracked 
|  22|0x000000068e800000, 0x000000068e800000, 0x000000068ec00000|  0%| F|  |TAMS 0x000000068e800000, 0x000000068e800000| Untracked 
|  23|0x000000068ec00000, 0x000000068ec00000, 0x000000068f000000|  0%| F|  |TAMS 0x000000068ec00000, 0x000000068ec00000| Untracked 
|  24|0x000000068f000000, 0x000000068f000000, 0x000000068f400000|  0%| F|  |TAMS 0x000000068f000000, 0x000000068f000000| Untracked 
|  25|0x000000068f400000, 0x000000068f400000, 0x000000068f800000|  0%| F|  |TAMS 0x000000068f400000, 0x000000068f400000| Untracked 
|  26|0x000000068f800000, 0x000000068f800000, 0x000000068fc00000|  0%| F|  |TAMS 0x000000068f800000, 0x000000068f800000| Untracked 
|  27|0x000000068fc00000, 0x000000068fc00000, 0x0000000690000000|  0%| F|  |TAMS 0x000000068fc00000, 0x000000068fc00000| Untracked 
|  28|0x0000000690000000, 0x0000000690000000, 0x0000000690400000|  0%| F|  |TAMS 0x0000000690000000, 0x0000000690000000| Untracked 
|  29|0x0000000690400000, 0x0000000690400000, 0x0000000690800000|  0%| F|  |TAMS 0x0000000690400000, 0x0000000690400000| Untracked 
|  30|0x0000000690800000, 0x0000000690800000, 0x0000000690c00000|  0%| F|  |TAMS 0x0000000690800000, 0x0000000690800000| Untracked 
|  31|0x0000000690c00000, 0x0000000690c00000, 0x0000000691000000|  0%| F|  |TAMS 0x0000000690c00000, 0x0000000690c00000| Untracked 
|  32|0x0000000691000000, 0x0000000691000000, 0x0000000691400000|  0%| F|  |TAMS 0x0000000691000000, 0x0000000691000000| Untracked 
|  33|0x0000000691400000, 0x0000000691400000, 0x0000000691800000|  0%| F|  |TAMS 0x0000000691400000, 0x0000000691400000| Untracked 
|  34|0x0000000691800000, 0x0000000691800000, 0x0000000691c00000|  0%| F|  |TAMS 0x0000000691800000, 0x0000000691800000| Untracked 
|  35|0x0000000691c00000, 0x0000000691c00000, 0x0000000692000000|  0%| F|  |TAMS 0x0000000691c00000, 0x0000000691c00000| Untracked 
|  36|0x0000000692000000, 0x0000000692000000, 0x0000000692400000|  0%| F|  |TAMS 0x0000000692000000, 0x0000000692000000| Untracked 
|  37|0x0000000692400000, 0x0000000692400000, 0x0000000692800000|  0%| F|  |TAMS 0x0000000692400000, 0x0000000692400000| Untracked 
|  38|0x0000000692800000, 0x0000000692800000, 0x0000000692c00000|  0%| F|  |TAMS 0x0000000692800000, 0x0000000692800000| Untracked 
|  39|0x0000000692c00000, 0x0000000692c00000, 0x0000000693000000|  0%| F|  |TAMS 0x0000000692c00000, 0x0000000692c00000| Untracked 
|  40|0x0000000693000000, 0x0000000693000000, 0x0000000693400000|  0%| F|  |TAMS 0x0000000693000000, 0x0000000693000000| Untracked 
|  41|0x0000000693400000, 0x0000000693400000, 0x0000000693800000|  0%| F|  |TAMS 0x0000000693400000, 0x0000000693400000| Untracked 
|  42|0x0000000693800000, 0x0000000693800000, 0x0000000693c00000|  0%| F|  |TAMS 0x0000000693800000, 0x0000000693800000| Untracked 
|  43|0x0000000693c00000, 0x0000000693c00000, 0x0000000694000000|  0%| F|  |TAMS 0x0000000693c00000, 0x0000000693c00000| Untracked 
|  44|0x0000000694000000, 0x0000000694000000, 0x0000000694400000|  0%| F|  |TAMS 0x0000000694000000, 0x0000000694000000| Untracked 
|  45|0x0000000694400000, 0x0000000694400000, 0x0000000694800000|  0%| F|  |TAMS 0x0000000694400000, 0x0000000694400000| Untracked 
|  46|0x0000000694800000, 0x0000000694800000, 0x0000000694c00000|  0%| F|  |TAMS 0x0000000694800000, 0x0000000694800000| Untracked 
|  47|0x0000000694c00000, 0x0000000694c00000, 0x0000000695000000|  0%| F|  |TAMS 0x0000000694c00000, 0x0000000694c00000| Untracked 
|  48|0x0000000695000000, 0x0000000695000000, 0x0000000695400000|  0%| F|  |TAMS 0x0000000695000000, 0x0000000695000000| Untracked 
|  49|0x0000000695400000, 0x0000000695400000, 0x0000000695800000|  0%| F|  |TAMS 0x0000000695400000, 0x0000000695400000| Untracked 
|  50|0x0000000695800000, 0x0000000695800000, 0x0000000695c00000|  0%| F|  |TAMS 0x0000000695800000, 0x0000000695800000| Untracked 
|  51|0x0000000695c00000, 0x0000000695c00000, 0x0000000696000000|  0%| F|  |TAMS 0x0000000695c00000, 0x0000000695c00000| Untracked 
|  52|0x0000000696000000, 0x0000000696000000, 0x0000000696400000|  0%| F|  |TAMS 0x0000000696000000, 0x0000000696000000| Untracked 
|  53|0x0000000696400000, 0x0000000696400000, 0x0000000696800000|  0%| F|  |TAMS 0x0000000696400000, 0x0000000696400000| Untracked 
|  54|0x0000000696800000, 0x0000000696800000, 0x0000000696c00000|  0%| F|  |TAMS 0x0000000696800000, 0x0000000696800000| Untracked 
|  55|0x0000000696c00000, 0x0000000696c00000, 0x0000000697000000|  0%| F|  |TAMS 0x0000000696c00000, 0x0000000696c00000| Untracked 
|  56|0x0000000697000000, 0x0000000697000000, 0x0000000697400000|  0%| F|  |TAMS 0x0000000697000000, 0x0000000697000000| Untracked 
|  57|0x0000000697400000, 0x0000000697400000, 0x0000000697800000|  0%| F|  |TAMS 0x0000000697400000, 0x0000000697400000| Untracked 
|  58|0x0000000697800000, 0x0000000697800000, 0x0000000697c00000|  0%| F|  |TAMS 0x0000000697800000, 0x0000000697800000| Untracked 
|  59|0x0000000697c00000, 0x0000000697c00000, 0x0000000698000000|  0%| F|  |TAMS 0x0000000697c00000, 0x0000000697c00000| Untracked 
|  60|0x0000000698000000, 0x0000000698000000, 0x0000000698400000|  0%| F|  |TAMS 0x0000000698000000, 0x0000000698000000| Untracked 
|  61|0x0000000698400000, 0x0000000698400000, 0x0000000698800000|  0%| F|  |TAMS 0x0000000698400000, 0x0000000698400000| Untracked 
|  62|0x0000000698800000, 0x0000000698800000, 0x0000000698c00000|  0%| F|  |TAMS 0x0000000698800000, 0x0000000698800000| Untracked 
|  63|0x0000000698c00000, 0x0000000698c00000, 0x0000000699000000|  0%| F|  |TAMS 0x0000000698c00000, 0x0000000698c00000| Untracked 
|  64|0x0000000699000000, 0x0000000699000000, 0x0000000699400000|  0%| F|  |TAMS 0x0000000699000000, 0x0000000699000000| Untracked 
|  65|0x0000000699400000, 0x0000000699400000, 0x0000000699800000|  0%| F|  |TAMS 0x0000000699400000, 0x0000000699400000| Untracked 
|  66|0x0000000699800000, 0x0000000699800000, 0x0000000699c00000|  0%| F|  |TAMS 0x0000000699800000, 0x0000000699800000| Untracked 
|  67|0x0000000699c00000, 0x0000000699c00000, 0x000000069a000000|  0%| F|  |TAMS 0x0000000699c00000, 0x0000000699c00000| Untracked 
|  68|0x000000069a000000, 0x000000069a000000, 0x000000069a400000|  0%| F|  |TAMS 0x000000069a000000, 0x000000069a000000| Untracked 
|  69|0x000000069a400000, 0x000000069a400000, 0x000000069a800000|  0%| F|  |TAMS 0x000000069a400000, 0x000000069a400000| Untracked 
|  70|0x000000069a800000, 0x000000069a800000, 0x000000069ac00000|  0%| F|  |TAMS 0x000000069a800000, 0x000000069a800000| Untracked 
|  71|0x000000069ac00000, 0x000000069b000000, 0x000000069b000000|100%| S|  |TAMS 0x000000069ac00000, 0x000000069ac00000| Complete 
|  72|0x000000069b000000, 0x000000069b400000, 0x000000069b400000|100%| S|  |TAMS 0x000000069b000000, 0x000000069b000000| Complete 
|  73|0x000000069b400000, 0x000000069b800000, 0x000000069b800000|100%| S|  |TAMS 0x000000069b400000, 0x000000069b400000| Complete 
|  74|0x000000069b800000, 0x000000069bc00000, 0x000000069bc00000|100%| E|CS|TAMS 0x000000069b800000, 0x000000069b800000| Complete 
|  75|0x000000069bc00000, 0x000000069c000000, 0x000000069c000000|100%| E|CS|TAMS 0x000000069bc00000, 0x000000069bc00000| Complete 
|  76|0x000000069c000000, 0x000000069c400000, 0x000000069c400000|100%| E|CS|TAMS 0x000000069c000000, 0x000000069c000000| Complete 
|  77|0x000000069c400000, 0x000000069c800000, 0x000000069c800000|100%| E|CS|TAMS 0x000000069c400000, 0x000000069c400000| Complete 
|  78|0x000000069c800000, 0x000000069cc00000, 0x000000069cc00000|100%| E|CS|TAMS 0x000000069c800000, 0x000000069c800000| Complete 
|  79|0x000000069cc00000, 0x000000069d000000, 0x000000069d000000|100%| E|CS|TAMS 0x000000069cc00000, 0x000000069cc00000| Complete 
|  80|0x000000069d000000, 0x000000069d400000, 0x000000069d400000|100%| E|CS|TAMS 0x000000069d000000, 0x000000069d000000| Complete 
|  81|0x000000069d400000, 0x000000069d800000, 0x000000069d800000|100%| E|CS|TAMS 0x000000069d400000, 0x000000069d400000| Complete 
|  82|0x000000069d800000, 0x000000069dc00000, 0x000000069dc00000|100%| E|CS|TAMS 0x000000069d800000, 0x000000069d800000| Complete 
|  83|0x000000069dc00000, 0x000000069e000000, 0x000000069e000000|100%| E|CS|TAMS 0x000000069dc00000, 0x000000069dc00000| Complete 
|  84|0x000000069e000000, 0x000000069e400000, 0x000000069e400000|100%| E|CS|TAMS 0x000000069e000000, 0x000000069e000000| Complete 
|  85|0x000000069e400000, 0x000000069e800000, 0x000000069e800000|100%| E|CS|TAMS 0x000000069e400000, 0x000000069e400000| Complete 
|  86|0x000000069e800000, 0x000000069ec00000, 0x000000069ec00000|100%| E|CS|TAMS 0x000000069e800000, 0x000000069e800000| Complete 
|  87|0x000000069ec00000, 0x000000069f000000, 0x000000069f000000|100%| E|CS|TAMS 0x000000069ec00000, 0x000000069ec00000| Complete 
|  88|0x000000069f000000, 0x000000069f400000, 0x000000069f400000|100%| E|CS|TAMS 0x000000069f000000, 0x000000069f000000| Complete 
|  89|0x000000069f400000, 0x000000069f800000, 0x000000069f800000|100%| E|CS|TAMS 0x000000069f400000, 0x000000069f400000| Complete 
|  90|0x000000069f800000, 0x000000069fc00000, 0x000000069fc00000|100%| E|CS|TAMS 0x000000069f800000, 0x000000069f800000| Complete 
|  91|0x000000069fc00000, 0x00000006a0000000, 0x00000006a0000000|100%| E|CS|TAMS 0x000000069fc00000, 0x000000069fc00000| Complete 
|  92|0x00000006a0000000, 0x00000006a0400000, 0x00000006a0400000|100%| E|CS|TAMS 0x00000006a0000000, 0x00000006a0000000| Complete 
|  93|0x00000006a0400000, 0x00000006a0800000, 0x00000006a0800000|100%| E|CS|TAMS 0x00000006a0400000, 0x00000006a0400000| Complete 
|1498|0x00000007ff800000, 0x00000007ffb76000, 0x00000007ffc00000| 86%|OA|  |TAMS 0x00000007ff800000, 0x00000007ff800000| Untracked 
|1499|0x00000007ffc00000, 0x00000007ffc82000, 0x0000000800000000| 12%|CA|  |TAMS 0x00000007ffc00000, 0x00000007ffc00000| Untracked 

Card table byte_map: [0x00007f2078a05000,0x00007f20795bd000] _byte_map_base: 0x00007f20755bd000

Marking Bits (Prev, Next): (CMBitMap*) 0x00007f208409ea70, (CMBitMap*) 0x00007f208409eab0
 Prev Bits: [0x00007f207208d000, 0x00007f2077e4d000)
 Next Bits: [0x00007f206c2cd000, 0x00007f207208d000)

Polling page: 0x00007f208a1ef000

Metaspace:

Usage:
  Non-class:      7.09 MB used.
      Class:      1.12 MB used.
       Both:      8.21 MB used.

Virtual space:
  Non-class space:       64.00 MB reserved,       7.25 MB ( 11%) committed,  1 nodes.
      Class space:        1.00 GB reserved,       1.25 MB ( <1%) committed,  1 nodes.
             Both:        1.06 GB reserved,       8.50 MB ( <1%) committed. 

Chunk freelists:
   Non-Class:  7.65 MB
       Class:  14.69 MB
        Both:  22.35 MB

MaxMetaspaceSize: unlimited
CompressedClassSpaceSize: 1.00 GB
Initial GC threshold: 21.00 MB
Current GC threshold: 21.00 MB
CDS: on
MetaspaceReclaimPolicy: balanced
 - commit_granule_bytes: 65536.
 - commit_granule_words: 8192.
 - virtual_space_node_default_size: 8388608.
 - enlarge_chunks_in_place: 1.
 - new_chunks_are_fully_committed: 0.
 - uncommit_free_chunks: 1.
 - use_allocation_guard: 0.
 - handle_deallocations: 1.


Internal statistics:

num_allocs_failed_limit: 0.
num_arena_births: 274.
num_arena_deaths: 0.
num_vsnodes_births: 2.
num_vsnodes_deaths: 0.
num_space_committed: 136.
num_space_uncommitted: 0.
num_chunks_returned_to_freelist: 0.
num_chunks_taken_from_freelist: 596.
num_chunk_merges: 0.
num_chunk_splits: 361.
num_chunks_enlarged: 211.
num_inconsistent_stats: 0.

CodeCache: size=49152Kb used=7071Kb max_used=7071Kb free=42080Kb
 bounds [0x00007f20795bd000, 0x00007f2079cad000, 0x00007f207c5bd000]
 total_blobs=3086 nmethods=2646 adapters=365
 compilation: enabled
              stopped_count=0, restarted_count=0
 full_count=0

Compilation events (20 events):
Event: 1.793 Thread 0x00007f2084181c90 2640       1       java.lang.ref.ReferenceQueue::<init> (21 bytes)
Event: 1.793 Thread 0x00007f20380b5ab0 2641       1       java.lang.ref.ReferenceQueue$Lock::<init> (5 bytes)
Event: 1.793 Thread 0x00007f20380b5ab0 nmethod 2641 0x00007f2079ca3010 code [0x00007f2079ca31a0, 0x00007f2079ca3250]
Event: 1.793 Thread 0x00007f2084181c90 nmethod 2640 0x00007f2079ca3310 code [0x00007f2079ca34a0, 0x00007f2079ca3610]
Event: 1.793 Thread 0x00007f2084181c90 2642       1       sun.nio.cs.StreamDecoder::ensureOpen (18 bytes)
Event: 1.793 Thread 0x00007f2084181c90 nmethod 2642 0x00007f2079ca3690 code [0x00007f2079ca3840, 0x00007f2079ca39c0]
Event: 1.794 Thread 0x00007f20240d8b80 2645       1       sun.nio.cs.StreamDecoder::implRead (243 bytes)
Event: 1.794 Thread 0x00007f2084181c90 2643       1       java.io.InputStreamReader::read (11 bytes)
Event: 1.794 Thread 0x00007f20380b5ab0 2646   !   1       java.nio.CharBuffer::wrap (21 bytes)
Event: 1.794 Thread 0x00007f20240d7a30 2644   !   1       sun.nio.cs.StreamDecoder::read (196 bytes)
Event: 1.794 Thread 0x00007f2084181c90 nmethod 2643 0x00007f2079ca3a90 code [0x00007f2079ca3c40, 0x00007f2079ca3d40]
Event: 1.794 Thread 0x00007f2084181c90 2647       1       java.nio.HeapCharBuffer::<init> (23 bytes)
Event: 1.794 Thread 0x00007f20380b5ab0 nmethod 2646 0x00007f2079ca3e10 code [0x00007f2079ca3fe0, 0x00007f2079ca42d0]
Event: 1.794 Thread 0x00007f2084181c90 nmethod 2647 0x00007f2079ca4490 code [0x00007f2079ca4640, 0x00007f2079ca4800]
Event: 1.794 Thread 0x00007f2084181c90 2649       1       java.nio.CharBuffer::limit (6 bytes)
Event: 1.794 Thread 0x00007f20380b5ab0 2650       1       java.nio.CharBuffer::limit (8 bytes)
Event: 1.794 Thread 0x00007f2084181c90 nmethod 2649 0x00007f2079ca4910 code [0x00007f2079ca4aa0, 0x00007f2079ca4ba0]
Event: 1.794 Thread 0x00007f20380b5ab0 nmethod 2650 0x00007f2079ca4c10 code [0x00007f2079ca4da0, 0x00007f2079ca4ea0]
Event: 1.794 Thread 0x00007f20380b5ab0 2655       1       java.util.WeakHashMap::<init> (133 bytes)
Event: 1.794 Thread 0x00007f2084181c90 2653       1       java.lang.String::decodeASCII (64 bytes)

GC Heap History (9 events):
Event: 0.429 GC heap before
{Heap before GC invocations=0 (full 0):
 garbage-first heap   total 393216K, used 24544K [0x0000000689000000, 0x0000000800000000)
  region size 4096K, 5 young (20480K), 0 survivors (0K)
 Metaspace       used 3121K, committed 3392K, reserved 1114112K
  class space    used 361K, committed 512K, reserved 1048576K
}
Event: 0.435 GC heap after
{Heap after GC invocations=1 (full 0):
 garbage-first heap   total 393216K, used 13125K [0x0000000689000000, 0x0000000800000000)
  region size 4096K, 1 young (4096K), 1 survivors (4096K)
 Metaspace       used 3121K, committed 3392K, reserved 1114112K
  class space    used 361K, committed 512K, reserved 1048576K
}
Event: 0.463 GC heap before
{Heap before GC invocations=1 (full 0):
 garbage-first heap   total 393216K, used 25413K [0x0000000689000000, 0x0000000800000000)
  region size 4096K, 4 young (16384K), 1 survivors (4096K)
 Metaspace       used 3121K, committed 3392K, reserved 1114112K
  class space    used 361K, committed 512K, reserved 1048576K
}
Event: 0.468 GC heap after
{Heap after GC invocations=2 (full 0):
 garbage-first heap   total 393216K, used 23170K [0x0000000689000000, 0x0000000800000000)
  region size 4096K, 1 young (4096K), 1 survivors (4096K)
 Metaspace       used 3121K, committed 3392K, reserved 1114112K
  class space    used 361K, committed 512K, reserved 1048576K
}
Event: 0.533 GC heap before
{Heap before GC invocations=2 (full 0):
 garbage-first heap   total 393216K, used 43650K [0x0000000689000000, 0x0000000800000000)
  region size 4096K, 6 young (24576K), 1 survivors (4096K)
 Metaspace       used 3341K, committed 3584K, reserved 1114112K
  class space    used 405K, committed 512K, reserved 1048576K
}
Event: 0.537 GC heap after
{Heap after GC invocations=3 (full 0):
 garbage-first heap   total 393216K, used 32443K [0x0000000689000000, 0x0000000800000000)
  region size 4096K, 1 young (4096K), 1 survivors (4096K)
 Metaspace       used 3341K, committed 3584K, reserved 1114112K
  class space    used 405K, committed 512K, reserved 1048576K
}
Event: 0.603 GC heap before
{Heap before GC invocations=3 (full 0):
 garbage-first heap   total 393216K, used 65211K [0x0000000689000000, 0x0000000800000000)
  region size 4096K, 9 young (36864K), 1 survivors (4096K)
 Metaspace       used 3342K, committed 3584K, reserved 1114112K
  class space    used 405K, committed 512K, reserved 1048576K
}
Event: 0.609 GC heap after
{Heap after GC invocations=4 (full 0):
 garbage-first heap   total 393216K, used 41404K [0x0000000689000000, 0x0000000800000000)
  region size 4096K, 2 young (8192K), 2 survivors (8192K)
 Metaspace       used 3342K, committed 3584K, reserved 1114112K
  class space    used 405K, committed 512K, reserved 1048576K
}
Event: 1.794 GC heap before
{Heap before GC invocations=4 (full 0):
 garbage-first heap   total 393216K, used 115132K [0x0000000689000000, 0x0000000800000000)
  region size 4096K, 20 young (81920K), 2 survivors (8192K)
 Metaspace       used 8403K, committed 8704K, reserved 1114112K
  class space    used 1147K, committed 1280K, reserved 1048576K
}

Dll operation events (11 events):
Event: 0.005 Loaded shared library /usr/lib/jvm/java-17-openjdk-amd64/lib/libjava.so
Event: 0.010 Loaded shared library /usr/lib/jvm/java-17-openjdk-amd64/lib/libjsvml.so
Event: 0.032 Loaded shared library /usr/lib/jvm/java-17-openjdk-amd64/lib/libzip.so
Event: 0.051 Loaded shared library /usr/lib/jvm/java-17-openjdk-amd64/lib/libinstrument.so
Event: 0.052 Loaded shared library /usr/lib/jvm/java-17-openjdk-amd64/lib/libnio.so
Event: 0.053 Loaded shared library /usr/lib/jvm/java-17-openjdk-amd64/lib/libzip.so
Event: 0.222 Loaded shared library /usr/lib/jvm/java-17-openjdk-amd64/lib/libjimage.so
Event: 0.249 Loaded shared library /usr/lib/jvm/java-17-openjdk-amd64/lib/libnet.so
Event: 0.764 Loaded shared library /usr/lib/jvm/java-17-openjdk-amd64/lib/libmanagement.so
Event: 0.764 Loaded shared library /usr/lib/jvm/java-17-openjdk-amd64/lib/libmanagement_ext.so
Event: 0.846 Loaded shared library /usr/lib/jvm/java-17-openjdk-amd64/lib/libverify.so

Deoptimization events (20 events):
Event: 1.715 Thread 0x00007f20840167e0 DEOPT PACKING pc=0x00007f20799d53f4 sp=0x00007f208a2ef750
Event: 1.715 Thread 0x00007f20840167e0 DEOPT UNPACKING pc=0x00007f2079613e2f sp=0x00007f208a2eec08 mode 1
Event: 1.715 Thread 0x00007f20840167e0 DEOPT PACKING pc=0x00007f20799d3b1c sp=0x00007f208a2ef820
Event: 1.715 Thread 0x00007f20840167e0 DEOPT UNPACKING pc=0x00007f2079613e2f sp=0x00007f208a2eece8 mode 1
Event: 1.715 Thread 0x00007f20840167e0 DEOPT PACKING pc=0x00007f2079b217c4 sp=0x00007f208a2ef870
Event: 1.715 Thread 0x00007f20840167e0 DEOPT UNPACKING pc=0x00007f2079613e2f sp=0x00007f208a2eeeb0 mode 1
Event: 1.715 Thread 0x00007f20840167e0 DEOPT PACKING pc=0x00007f2079b2076c sp=0x00007f208a2efac0
Event: 1.715 Thread 0x00007f20840167e0 DEOPT UNPACKING pc=0x00007f2079613e2f sp=0x00007f208a2eef98 mode 1
Event: 1.749 Thread 0x00007f20840167e0 DEOPT PACKING pc=0x00007f2079a166d4 sp=0x00007f208a2ef910
Event: 1.749 Thread 0x00007f20840167e0 DEOPT UNPACKING pc=0x00007f2079613e2f sp=0x00007f208a2eee88 mode 1
Event: 1.749 Thread 0x00007f20840167e0 DEOPT PACKING pc=0x00007f2079a166d4 sp=0x00007f208a2ef910
Event: 1.749 Thread 0x00007f20840167e0 DEOPT UNPACKING pc=0x00007f2079613e2f sp=0x00007f208a2eee88 mode 1
Event: 1.750 Thread 0x00007f20840167e0 DEOPT PACKING pc=0x00007f2079a3f13c sp=0x00007f208a2ef3a0
Event: 1.750 Thread 0x00007f20840167e0 DEOPT UNPACKING pc=0x00007f2079613e2f sp=0x00007f208a2ee940 mode 1
Event: 1.750 Thread 0x00007f20840167e0 DEOPT PACKING pc=0x00007f2079a37584 sp=0x00007f208a2ef590
Event: 1.750 Thread 0x00007f20840167e0 DEOPT UNPACKING pc=0x00007f2079613e2f sp=0x00007f208a2eeb20 mode 1
Event: 1.750 Thread 0x00007f20840167e0 DEOPT PACKING pc=0x00007f2079a36a8c sp=0x00007f208a2ef6d0
Event: 1.750 Thread 0x00007f20840167e0 DEOPT UNPACKING pc=0x00007f2079613e2f sp=0x00007f208a2eeb60 mode 1
Event: 1.750 Thread 0x00007f20840167e0 DEOPT PACKING pc=0x00007f2079a29c9c sp=0x00007f208a2ef780
Event: 1.750 Thread 0x00007f20840167e0 DEOPT UNPACKING pc=0x00007f2079613e2f sp=0x00007f208a2eec40 mode 1

Classes unloaded (0 events):
No events

Classes redefined (0 events):
No events

Internal exceptions (20 events):
Event: 0.704 Thread 0x00007f20840167e0 Exception <a 'java/lang/IncompatibleClassChangeError'{0x000000069db273a8}: Found class java.lang.Object, but interface was expected> (0x000000069db273a8) 
thrown [src/hotspot/share/interpreter/linkResolver.cpp, line 826]
Event: 0.744 Thread 0x00007f20840167e0 Exception <a 'java/lang/NoSuchMethodError'{0x000000069dbc3508}: 'void java.lang.invoke.DirectMethodHandle$Holder.invokeVirtual(java.lang.Object, java.lang.Object, java.lang.Object, java.lang.Object)'> (0x000000069dbc3508) 
thrown [src/hotspot/share/interpreter/linkResolver.cpp, line 758]
Event: 0.760 Thread 0x00007f20840167e0 Exception <a 'java/lang/NoSuchMethodError'{0x000000069d6a67f0}: 'void java.lang.invoke.Invokers$Holder.invoke_MT(java.lang.Object, java.lang.Object, java.lang.Object, java.lang.Object)'> (0x000000069d6a67f0) 
thrown [src/hotspot/share/interpreter/linkResolver.cpp, line 758]
Event: 0.771 Thread 0x00007f20840167e0 Exception <a 'java/lang/NoSuchMethodError'{0x000000069d7abfc0}: 'java.lang.Object java.lang.invoke.DirectMethodHandle$Holder.invokeVirtual(java.lang.Object, java.lang.Object, java.lang.Object)'> (0x000000069d7abfc0) 
thrown [src/hotspot/share/interpreter/linkResolver.cpp, line 758]
Event: 0.840 Thread 0x00007f20840167e0 Exception <a 'java/lang/NoSuchMethodError'{0x000000069d7ed018}: 'java.lang.Object java.lang.invoke.DirectMethodHandle$Holder.newInvokeSpecial(java.lang.Object, java.lang.Object, java.lang.Object, java.lang.Object, java.lang.Object, java.lang.Object, java.lang.Object, java.lang.Object, java.lang.Object)'> (0x000000069d7ed018) 
thrown [src/hotspot/share/interpreter/linkResolver.cpp, line 758]
Event: 0.841 Thread 0x00007f20840167e0 Exception <a 'java/lang/NoSuchMethodError'{0x000000069d7f1f28}: 'java.lang.Object java.lang.invoke.DirectMethodHandle$Holder.invokeSpecial(java.lang.Object, java.lang.Object, java.lang.Object, java.lang.Object, java.lang.Object, java.lang.Object, java.lang.Object, java.lang.Object, java.lang.Object, java.lang.Object)'> (0x000000069d7f1f28) 
thrown [src/hotspot/share/interpreter/linkResolver.cpp, line 758]
Event: 0.841 Thread 0x00007f20840167e0 Exception <a 'java/lang/NoSuchMethodError'{0x000000069d7f6248}: 'java.lang.Object java.lang.invoke.Invokers$Holder.linkToTargetMethod(java.lang.Object, java.lang.Object, java.lang.Object, java.lang.Object, java.lang.Object, java.lang.Object, java.lang.Object, java.lang.Object, java.lang.Object)'> (0x000000069d7f6248) 
thrown [src/hotspot/share/interpreter/linkResolver.cpp, line 758]
Event: 0.842 Thread 0x00007f20840167e0 Exception <a 'java/lang/NoSuchMethodError'{0x000000069d00e8f8}: 'java.lang.Object java.lang.invoke.DirectMethodHandle$Holder.newInvokeSpecial(java.lang.Object, java.lang.Object, int, int)'> (0x000000069d00e8f8) 
thrown [src/hotspot/share/interpreter/linkResolver.cpp, line 758]
Event: 0.843 Thread 0x00007f20840167e0 Exception <a 'java/lang/IncompatibleClassChangeError'{0x000000069d018e88}: Found class java.lang.Object, but interface was expected> (0x000000069d018e88) 
thrown [src/hotspot/share/interpreter/linkResolver.cpp, line 826]
Event: 0.855 Thread 0x00007f20840167e0 Exception <a 'java/lang/NoSuchMethodError'{0x000000069d196b88}: 'void java.lang.invoke.DirectMethodHandle$Holder.invokeStaticInit(java.lang.Object, java.lang.Object)'> (0x000000069d196b88) 
thrown [src/hotspot/share/interpreter/linkResolver.cpp, line 758]
Event: 1.452 Thread 0x00007f20840167e0 Exception <a 'sun/nio/fs/UnixException'{0x000000069c010ee8}> (0x000000069c010ee8) 
thrown [src/hotspot/share/prims/jni.cpp, line 516]
Event: 1.454 Thread 0x00007f20840167e0 Exception <a 'sun/nio/fs/UnixException'{0x000000069c046738}> (0x000000069c046738) 
thrown [src/hotspot/share/prims/jni.cpp, line 516]
Event: 1.685 Thread 0x00007f20840167e0 Exception <a 'java/lang/NoSuchMethodError'{0x000000069c14b960}: 'java.lang.Object java.lang.invoke.Invokers$Holder.invokeExact_MT(java.lang.Object, java.lang.Object, java.lang.Object, java.lang.Object, java.lang.Object, java.lang.Object)'> (0x000000069c14b960) 
thrown [src/hotspot/share/interpreter/linkResolver.cpp, line 758]
Event: 1.691 Thread 0x00007f20840167e0 Exception <a 'java/lang/NoSuchMethodError'{0x000000069c1eb208}: 'int java.lang.invoke.DirectMethodHandle$Holder.invokeVirtual(java.lang.Object, java.lang.Object)'> (0x000000069c1eb208) 
thrown [src/hotspot/share/interpreter/linkResolver.cpp, line 758]
Event: 1.694 Thread 0x00007f20840167e0 Exception <a 'sun/nio/fs/UnixException'{0x000000069c225008}> (0x000000069c225008) 
thrown [src/hotspot/share/prims/jni.cpp, line 516]
Event: 1.714 Thread 0x00007f20840167e0 Exception <a 'java/lang/NoSuchMethodError'{0x000000069bc7f1a0}: 'void java.lang.invoke.DirectMethodHandle$Holder.invokeInterface(java.lang.Object, java.lang.Object, java.lang.Object, java.lang.Object)'> (0x000000069bc7f1a0) 
thrown [src/hotspot/share/interpreter/linkResolver.cpp, line 758]
Event: 1.749 Thread 0x00007f20840167e0 Exception <a 'sun/nio/fs/UnixException'{0x000000069b825dc8}> (0x000000069b825dc8) 
thrown [src/hotspot/share/prims/jni.cpp, line 516]
Event: 1.749 Thread 0x00007f20840167e0 Exception <a 'sun/nio/fs/UnixException'{0x000000069b835328}> (0x000000069b835328) 
thrown [src/hotspot/share/prims/jni.cpp, line 516]
Event: 1.750 Thread 0x00007f20840167e0 Exception <a 'sun/nio/fs/UnixException'{0x000000069b8664c0}> (0x000000069b8664c0) 
thrown [src/hotspot/share/prims/jni.cpp, line 516]
Event: 1.760 Thread 0x00007f20840167e0 Exception <a 'java/lang/NoSuchMethodError'{0x000000069ba9fc30}: 'void java.lang.invoke.DirectMethodHandle$Holder.invokeSpecialIFC(java.lang.Object, java.lang.Object, java.lang.Object, java.lang.Object)'> (0x000000069ba9fc30) 
thrown [src/hotspot/share/interpreter/linkResolver.cpp, line 758]

VM Operations (20 events):
Event: 0.401 Executing VM operation: HandshakeAllThreads done
Event: 0.404 Executing VM operation: HandshakeAllThreads
Event: 0.404 Executing VM operation: HandshakeAllThreads done
Event: 0.429 Executing VM operation: G1CollectForAllocation
Event: 0.435 Executing VM operation: G1CollectForAllocation done
Event: 0.463 Executing VM operation: G1CollectForAllocation
Event: 0.468 Executing VM operation: G1CollectForAllocation done
Event: 0.533 Executing VM operation: G1CollectForAllocation
Event: 0.537 Executing VM operation: G1CollectForAllocation done
Event: 0.603 Executing VM operation: G1CollectForAllocation
Event: 0.609 Executing VM operation: G1CollectForAllocation done
Event: 0.666 Executing VM operation: HandshakeAllThreads
Event: 0.666 Executing VM operation: HandshakeAllThreads done
Event: 0.680 Executing VM operation: HandshakeAllThreads
Event: 0.680 Executing VM operation: HandshakeAllThreads done
Event: 1.679 Executing VM operation: ICBufferFull
Event: 1.679 Executing VM operation: ICBufferFull done
Event: 1.682 Executing VM operation: HandshakeAllThreads
Event: 1.682 Executing VM operation: HandshakeAllThreads done
Event: 1.794 Executing VM operation: G1CollectForAllocation

Events (20 events):
Event: 1.698 loading class java/time/format/DateTimeParseException
Event: 1.698 loading class java/time/format/DateTimeParseException done
Event: 1.704 loading class java/lang/TypeNotPresentException
Event: 1.704 loading class java/lang/TypeNotPresentException done
Event: 1.714 loading class java/util/regex/Pattern$1
Event: 1.714 loading class java/util/regex/Pattern$1 done
Event: 1.719 loading class java/util/IdentityHashMap$EntrySet
Event: 1.719 loading class java/util/IdentityHashMap$EntrySet done
Event: 1.719 loading class java/util/IdentityHashMap$EntryIterator
Event: 1.720 loading class java/util/IdentityHashMap$EntryIterator done
Event: 1.720 loading class java/util/IdentityHashMap$EntryIterator$Entry
Event: 1.720 loading class java/util/IdentityHashMap$EntryIterator$Entry done
Event: 1.722 loading class jdk/internal/reflect/UnsafeBooleanFieldAccessorImpl
Event: 1.722 loading class jdk/internal/reflect/UnsafeBooleanFieldAccessorImpl done
Event: 1.722 loading class jdk/internal/reflect/UnsafeObjectFieldAccessorImpl
Event: 1.722 loading class jdk/internal/reflect/UnsafeObjectFieldAccessorImpl done
Event: 1.727 loading class java/time/Duration$Lazy
Event: 1.727 loading class java/time/Duration$Lazy done
Event: 1.733 loading class jdk/internal/reflect/UnsafeIntegerFieldAccessorImpl
Event: 1.733 loading class jdk/internal/reflect/UnsafeIntegerFieldAccessorImpl done


Dynamic libraries:
689000000-6a0800000 rw-p 00000000 00:00 0 
6a0800000-7ff800000 ---p 00000000 00:00 0 
7ff800000-7ffb00000 rw-p 00000000 00:00 0 
7ffb00000-7ffb76000 rw-p 00c9d000 08:20 370153                           /usr/lib/jvm/java-17-openjdk-amd64/lib/server/classes.jsa
7ffb76000-7ffc00000 rw-p 00000000 00:00 0 
7ffc00000-7ffc82000 rw-p 00c1b000 08:20 370153                           /usr/lib/jvm/java-17-openjdk-amd64/lib/server/classes.jsa
7ffc82000-800000000 rw-p 00000000 00:00 0 
800000000-800be2000 rw-p 00001000 08:20 370153                           /usr/lib/jvm/java-17-openjdk-amd64/lib/server/classes.jsa
800be2000-801000000 ---p 00000000 00:00 0 
801000000-801040000 rw-p 00000000 00:00 0 
801040000-8010b0000 rw-p 00000000 00:00 0 
8010b0000-8010c0000 ---p 00000000 00:00 0 
8010c0000-801150000 rw-p 00000000 00:00 0 
801150000-841000000 ---p 00000000 00:00 0 
560b6f326000-560b6f327000 r--p 00000000 08:20 279816                     /usr/lib/jvm/java-17-openjdk-amd64/bin/java
560b6f327000-560b6f328000 r-xp 00001000 08:20 279816                     /usr/lib/jvm/java-17-openjdk-amd64/bin/java
560b6f328000-560b6f329000 r--p 00002000 08:20 279816                     /usr/lib/jvm/java-17-openjdk-amd64/bin/java
560b6f329000-560b6f32a000 r--p 00002000 08:20 279816                     /usr/lib/jvm/java-17-openjdk-amd64/bin/java
560b6f32a000-560b6f32b000 rw-p 00003000 08:20 279816                     /usr/lib/jvm/java-17-openjdk-amd64/bin/java
560b70280000-560b702c6000 rw-p 00000000 00:00 0                          [heap]
7f1fd0000000-7f1fd0021000 rw-p 00000000 00:00 0 
7f1fd0021000-7f1fd4000000 ---p 00000000 00:00 0 
7f1fd4000000-7f1fd4021000 rw-p 00000000 00:00 0 
7f1fd4021000-7f1fd8000000 ---p 00000000 00:00 0 
7f1fd8000000-7f1fd8021000 rw-p 00000000 00:00 0 
7f1fd8021000-7f1fdc000000 ---p 00000000 00:00 0 
7f1fdc000000-7f1fdc021000 rw-p 00000000 00:00 0 
7f1fdc021000-7f1fe0000000 ---p 00000000 00:00 0 
7f1fe0000000-7f1fe0021000 rw-p 00000000 00:00 0 
7f1fe0021000-7f1fe4000000 ---p 00000000 00:00 0 
7f1fe4000000-7f1fe4021000 rw-p 00000000 00:00 0 
7f1fe4021000-7f1fe8000000 ---p 00000000 00:00 0 
7f1fe8000000-7f1fe8021000 rw-p 00000000 00:00 0 
7f1fe8021000-7f1fec000000 ---p 00000000 00:00 0 
7f1fec000000-7f1fec021000 rw-p 00000000 00:00 0 
7f1fec021000-7f1ff0000000 ---p 00000000 00:00 0 
7f1ff0000000-7f1ff0021000 rw-p 00000000 00:00 0 
7f1ff0021000-7f1ff4000000 ---p 00000000 00:00 0 
7f1ff4000000-7f1ff4021000 rw-p 00000000 00:00 0 
7f1ff4021000-7f1ff8000000 ---p 00000000 00:00 0 
7f1ffb1f3000-7f1ffb5e1000 rw-p 00000000 00:00 0 
7f1ffb5e1000-7f1ffb5e5000 ---p 00000000 00:00 0 
7f1ffb5e5000-7f1ffb6e2000 rw-p 00000000 00:00 0 
7f1ffb6e2000-7f1ffb6e6000 ---p 00000000 00:00 0 
7f1ffb6e6000-7f1ffb7e3000 rw-p 00000000 00:00 0 
7f1ffb7e3000-7f1ffb7e4000 ---p 00000000 00:00 0 
7f1ffb7e4000-7f1ffb8e5000 rw-p 00000000 00:00 0 
7f1ffb8e5000-7f1ffb8e6000 ---p 00000000 00:00 0 
7f1ffb8e6000-7f1ffb9e7000 rw-p 00000000 00:00 0 
7f1ffb9e7000-7f1ffb9e8000 ---p 00000000 00:00 0 
7f1ffb9e8000-7f1ffbae9000 rw-p 00000000 00:00 0 
7f1ffbae9000-7f1ffbaea000 ---p 00000000 00:00 0 
7f1ffbaea000-7f1ffbbeb000 rw-p 00000000 00:00 0 
7f1ffbbeb000-7f1ffbbec000 ---p 00000000 00:00 0 
7f1ffbbec000-7f1ffbdfc000 rw-p 00000000 00:00 0 
7f1ffbdfc000-7f1ffbdfd000 ---p 00000000 00:00 0 
7f1ffbdfd000-7f1ffbefe000 rw-p 00000000 00:00 0 
7f1ffbefe000-7f1ffbeff000 ---p 00000000 00:00 0 
7f1ffbeff000-7f1ffc000000 rw-p 00000000 00:00 0 
7f1ffc000000-7f1ffc021000 rw-p 00000000 00:00 0 
7f1ffc021000-7f2000000000 ---p 00000000 00:00 0 
7f2000000000-7f2000021000 rw-p 00000000 00:00 0 
7f2000021000-7f2004000000 ---p 00000000 00:00 0 
7f2004000000-7f2004021000 rw-p 00000000 00:00 0 
7f2004021000-7f2008000000 ---p 00000000 00:00 0 
7f2008000000-7f2008021000 rw-p 00000000 00:00 0 
7f2008021000-7f200c000000 ---p 00000000 00:00 0 
7f200c000000-7f200c036000 rw-p 00000000 00:00 0 
7f200c036000-7f2010000000 ---p 00000000 00:00 0 
7f2010000000-7f2010021000 rw-p 00000000 00:00 0 
7f2010021000-7f2014000000 ---p 00000000 00:00 0 
7f2014000000-7f2014021000 rw-p 00000000 00:00 0 
7f2014021000-7f2018000000 ---p 00000000 00:00 0 
7f2018000000-7f20180f1000 rw-p 00000000 00:00 0 
7f20180f1000-7f201c000000 ---p 00000000 00:00 0 
7f201c000000-7f201c021000 rw-p 00000000 00:00 0 
7f201c021000-7f2020000000 ---p 00000000 00:00 0 
7f2020000000-7f2020021000 rw-p 00000000 00:00 0 
7f2020021000-7f2024000000 ---p 00000000 00:00 0 
7f2024000000-7f2024116000 rw-p 00000000 00:00 0 
7f2024116000-7f2028000000 ---p 00000000 00:00 0 
7f2028000000-7f2028021000 rw-p 00000000 00:00 0 
7f2028021000-7f202c000000 ---p 00000000 00:00 0 
7f202c000000-7f202c021000 rw-p 00000000 00:00 0 
7f202c021000-7f2030000000 ---p 00000000 00:00 0 
7f2030000000-7f2030021000 rw-p 00000000 00:00 0 
7f2030021000-7f2034000000 ---p 00000000 00:00 0 
7f2034000000-7f2034021000 rw-p 00000000 00:00 0 
7f2034021000-7f2038000000 ---p 00000000 00:00 0 
7f2038000000-7f2038176000 rw-p 00000000 00:00 0 
7f2038176000-7f203c000000 ---p 00000000 00:00 0 
7f203c000000-7f203c021000 rw-p 00000000 00:00 0 
7f203c021000-7f2040000000 ---p 00000000 00:00 0 
7f2040000000-7f2040021000 rw-p 00000000 00:00 0 
7f2040021000-7f2044000000 ---p 00000000 00:00 0 
7f2044000000-7f2044021000 rw-p 00000000 00:00 0 
7f2044021000-7f2048000000 ---p 00000000 00:00 0 
7f2048000000-7f2048021000 rw-p 00000000 00:00 0 
7f2048021000-7f204c000000 ---p 00000000 00:00 0 
7f204c000000-7f204c021000 rw-p 00000000 00:00 0 
7f204c021000-7f2050000000 ---p 00000000 00:00 0 
7f2050000000-7f2050021000 rw-p 00000000 00:00 0 
7f2050021000-7f2054000000 ---p 00000000 00:00 0 
7f2054000000-7f20542e0000 rw-p 00000000 00:00 0 
7f20542e0000-7f2054400000 ---p 00000000 00:00 0 
7f2054400000-7f2054860000 rw-p 00000000 00:00 0 
7f2054860000-7f2058000000 ---p 00000000 00:00 0 
7f2058000000-7f2058021000 rw-p 00000000 00:00 0 
7f2058021000-7f205c000000 ---p 00000000 00:00 0 
7f205c0ea000-7f205c0eb000 ---p 00000000 00:00 0 
7f205c0eb000-7f205c1ec000 rw-p 00000000 00:00 0 
7f205c1ec000-7f205c1ed000 ---p 00000000 00:00 0 
7f205c1ed000-7f205c2ee000 rw-p 00000000 00:00 0 
7f205c2ee000-7f205c2ef000 ---p 00000000 00:00 0 
7f205c2ef000-7f205c3f0000 rw-p 00000000 00:00 0 
7f205c3f0000-7f205c3f1000 ---p 00000000 00:00 0 
7f205c3f1000-7f205c4f2000 rw-p 00000000 00:00 0 
7f205c4f2000-7f205c4f3000 ---p 00000000 00:00 0 
7f205c4f3000-7f205c5f4000 rw-p 00000000 00:00 0 
7f205c5f4000-7f205c5f5000 ---p 00000000 00:00 0 
7f205c5f5000-7f205c6f6000 rw-p 00000000 00:00 0 
7f205c78d000-7f205c791000 r--p 00000000 08:20 370147                     /usr/lib/jvm/java-17-openjdk-amd64/lib/libverify.so
7f205c791000-7f205c798000 r-xp 00004000 08:20 370147                     /usr/lib/jvm/java-17-openjdk-amd64/lib/libverify.so
7f205c798000-7f205c79a000 r--p 0000b000 08:20 370147                     /usr/lib/jvm/java-17-openjdk-amd64/lib/libverify.so
7f205c79a000-7f205c79b000 ---p 0000d000 08:20 370147                     /usr/lib/jvm/java-17-openjdk-amd64/lib/libverify.so
7f205c79b000-7f205c79d000 r--p 0000d000 08:20 370147                     /usr/lib/jvm/java-17-openjdk-amd64/lib/libverify.so
7f205c79d000-7f205c79e000 rw-p 0000f000 08:20 370147                     /usr/lib/jvm/java-17-openjdk-amd64/lib/libverify.so
7f205c79e000-7f205c7a0000 r--p 00000000 08:20 280151                     /usr/lib/jvm/java-17-openjdk-amd64/lib/libmanagement_ext.so
7f205c7a0000-7f205c7a3000 r-xp 00002000 08:20 280151                     /usr/lib/jvm/java-17-openjdk-amd64/lib/libmanagement_ext.so
7f205c7a3000-7f205c7a5000 r--p 00005000 08:20 280151                     /usr/lib/jvm/java-17-openjdk-amd64/lib/libmanagement_ext.so
7f205c7a5000-7f205c7a6000 r--p 00006000 08:20 280151                     /usr/lib/jvm/java-17-openjdk-amd64/lib/libmanagement_ext.so
7f205c7a6000-7f205c7a7000 rw-p 00007000 08:20 280151                     /usr/lib/jvm/java-17-openjdk-amd64/lib/libmanagement_ext.so
7f205c7a7000-7f205c7ab000 ---p 00000000 00:00 0 
7f205c7ab000-7f205c8a8000 rw-p 00000000 00:00 0 
7f205c8a8000-7f205c8ac000 ---p 00000000 00:00 0 
7f205c8ac000-7f205c9a9000 rw-p 00000000 00:00 0 
7f205c9a9000-7f205c9aa000 ---p 00000000 00:00 0 
7f205c9aa000-7f205caab000 rw-p 00000000 00:00 0 
7f205caab000-7f205caaf000 ---p 00000000 00:00 0 
7f205caaf000-7f205cbac000 rw-p 00000000 00:00 0 
7f205cbac000-7f205cbb0000 ---p 00000000 00:00 0 
7f205cbb0000-7f205ccad000 rw-p 00000000 00:00 0 
7f205ccad000-7f205ccb1000 ---p 00000000 00:00 0 
7f205ccb1000-7f205cdae000 rw-p 00000000 00:00 0 
7f205cdae000-7f205cdb2000 r--p 00000000 08:20 370133                     /usr/lib/jvm/java-17-openjdk-amd64/lib/libnet.so
7f205cdb2000-7f205cdc0000 r-xp 00004000 08:20 370133                     /usr/lib/jvm/java-17-openjdk-amd64/lib/libnet.so
7f205cdc0000-7f205cdc4000 r--p 00012000 08:20 370133                     /usr/lib/jvm/java-17-openjdk-amd64/lib/libnet.so
7f205cdc4000-7f205cdc5000 r--p 00015000 08:20 370133                     /usr/lib/jvm/java-17-openjdk-amd64/lib/libnet.so
7f205cdc5000-7f205cdc6000 rw-p 00016000 08:20 370133                     /usr/lib/jvm/java-17-openjdk-amd64/lib/libnet.so
7f205cdc6000-7f205cdca000 ---p 00000000 00:00 0 
7f205cdca000-7f205cec7000 rw-p 00000000 00:00 0 
7f205cec7000-7f205cecb000 ---p 00000000 00:00 0 
7f205cecb000-7f205cfc8000 rw-p 00000000 00:00 0 
7f205cfc8000-7f205cfcc000 ---p 00000000 00:00 0 
7f205cfcc000-7f205d0c9000 rw-p 00000000 00:00 0 
7f205d0c9000-7f205d0cd000 ---p 00000000 00:00 0 
7f205d0cd000-7f205d1ca000 rw-p 00000000 00:00 0 
7f205d1ca000-7f205d1ce000 ---p 00000000 00:00 0 
7f205d1ce000-7f205d2cb000 rw-p 00000000 00:00 0 
7f205d2cb000-7f205d2cf000 ---p 00000000 00:00 0 
7f205d2cf000-7f205d3cc000 rw-p 00000000 00:00 0 
7f205d3cc000-7f205d3d0000 ---p 00000000 00:00 0 
7f205d3d0000-7f205d4cd000 rw-p 00000000 00:00 0 
7f205d4cd000-7f205d640000 r--p 00000000 08:20 21881                      /usr/lib/locale/C.UTF-8/LC_COLLATE
7f205d640000-7f205d926000 r--p 00000000 08:20 3245                       /usr/lib/locale/locale-archive
7f205d926000-7f205d92a000 ---p 00000000 00:00 0 
7f205d92a000-7f205da27000 rw-p 00000000 00:00 0 
7f205da27000-7f205da2b000 ---p 00000000 00:00 0 
7f205da2b000-7f205db28000 rw-p 00000000 00:00 0 
7f205db28000-7f205db29000 ---p 00000000 00:00 0 
7f205db29000-7f205dc2a000 rw-p 00000000 00:00 0 
7f205dc2a000-7f205dc2f000 r--p 00000000 08:20 280123                     /usr/lib/jvm/java-17-openjdk-amd64/lib/libjsvml.so
7f205dc2f000-7f205dc70000 r-xp 00005000 08:20 280123                     /usr/lib/jvm/java-17-openjdk-amd64/lib/libjsvml.so
7f205dc70000-7f205dcf9000 r--p 00046000 08:20 280123                     /usr/lib/jvm/java-17-openjdk-amd64/lib/libjsvml.so
7f205dcf9000-7f205dcfa000 r--p 000ce000 08:20 280123                     /usr/lib/jvm/java-17-openjdk-amd64/lib/libjsvml.so
7f205dcfa000-7f205dcfb000 rw-p 000cf000 08:20 280123                     /usr/lib/jvm/java-17-openjdk-amd64/lib/libjsvml.so
7f205dcfb000-7f205dcfc000 ---p 00000000 00:00 0 
7f205dcfc000-7f205ddfd000 rw-p 00000000 00:00 0 
7f205ddfd000-7f205ddfe000 ---p 00000000 00:00 0 
7f205ddfe000-7f2060000000 rw-p 00000000 00:00 0 
7f2060000000-7f2060021000 rw-p 00000000 00:00 0 
7f2060021000-7f2064000000 ---p 00000000 00:00 0 
7f2064000000-7f2064021000 rw-p 00000000 00:00 0 
7f2064021000-7f2068000000 ---p 00000000 00:00 0 
7f2068000000-7f2068021000 rw-p 00000000 00:00 0 
7f2068021000-7f206c000000 ---p 00000000 00:00 0 
7f206c002000-7f206c008000 r--p 00000000 08:20 370135                     /usr/lib/jvm/java-17-openjdk-amd64/lib/libnio.so
7f206c008000-7f206c011000 r-xp 00006000 08:20 370135                     /usr/lib/jvm/java-17-openjdk-amd64/lib/libnio.so
7f206c011000-7f206c015000 r--p 0000f000 08:20 370135                     /usr/lib/jvm/java-17-openjdk-amd64/lib/libnio.so
7f206c015000-7f206c016000 ---p 00013000 08:20 370135                     /usr/lib/jvm/java-17-openjdk-amd64/lib/libnio.so
7f206c016000-7f206c017000 r--p 00013000 08:20 370135                     /usr/lib/jvm/java-17-openjdk-amd64/lib/libnio.so
7f206c017000-7f206c018000 rw-p 00014000 08:20 370135                     /usr/lib/jvm/java-17-openjdk-amd64/lib/libnio.so
7f206c018000-7f206c04a000 r--p 00000000 08:20 21882                      /usr/lib/locale/C.UTF-8/LC_CTYPE
7f206c04a000-7f206c8ad000 rw-p 00000000 00:00 0 
7f206c8ad000-7f207206d000 ---p 00000000 00:00 0 
7f207206d000-7f207266d000 rw-p 00000000 00:00 0 
7f207266d000-7f2077e2d000 ---p 00000000 00:00 0 
7f2077e2d000-7f2077f09000 rw-p 00000000 00:00 0 
7f2077f09000-7f2078a01000 ---p 00000000 00:00 0 
7f2078a01000-7f2078ac1000 rw-p 00000000 00:00 0 
7f2078ac1000-7f20795b9000 ---p 00000000 00:00 0 
7f20795b9000-7f20795bd000 rw-p 00000000 00:00 0 
7f20795bd000-7f2079cad000 rwxp 00000000 00:00 0 
7f2079cad000-7f207c5bd000 ---p 00000000 00:00 0 
7f207c5bd000-7f2084000000 r--s 00000000 08:20 370151                     /usr/lib/jvm/java-17-openjdk-amd64/lib/modules
7f2084000000-7f20858d7000 rw-p 00000000 00:00 0 
7f20858d7000-7f2088000000 ---p 00000000 00:00 0 
7f2088006000-7f2088008000 r--p 00000000 08:20 280127                     /usr/lib/jvm/java-17-openjdk-amd64/lib/libmanagement.so
7f2088008000-7f2088009000 r-xp 00002000 08:20 280127                     /usr/lib/jvm/java-17-openjdk-amd64/lib/libmanagement.so
7f2088009000-7f208800a000 r--p 00003000 08:20 280127                     /usr/lib/jvm/java-17-openjdk-amd64/lib/libmanagement.so
7f208800a000-7f208800b000 r--p 00003000 08:20 280127                     /usr/lib/jvm/java-17-openjdk-amd64/lib/libmanagement.so
7f208800b000-7f208800c000 rw-p 00004000 08:20 280127                     /usr/lib/jvm/java-17-openjdk-amd64/lib/libmanagement.so
7f208800c000-7f208800d000 r--p 00000000 08:20 280093                     /usr/lib/jvm/java-17-openjdk-amd64/lib/libdt_socket.so
7f208800d000-7f2088010000 r-xp 00001000 08:20 280093                     /usr/lib/jvm/java-17-openjdk-amd64/lib/libdt_socket.so
7f2088010000-7f2088011000 r--p 00004000 08:20 280093                     /usr/lib/jvm/java-17-openjdk-amd64/lib/libdt_socket.so
7f2088011000-7f2088012000 ---p 00005000 08:20 280093                     /usr/lib/jvm/java-17-openjdk-amd64/lib/libdt_socket.so
7f2088012000-7f2088013000 r--p 00005000 08:20 280093                     /usr/lib/jvm/java-17-openjdk-amd64/lib/libdt_socket.so
7f2088013000-7f2088014000 rw-p 00006000 08:20 280093                     /usr/lib/jvm/java-17-openjdk-amd64/lib/libdt_socket.so
7f2088014000-7f2088016000 r--p 00000000 08:20 370149                     /usr/lib/jvm/java-17-openjdk-amd64/lib/libzip.so
7f2088016000-7f208801b000 r-xp 00002000 08:20 370149                     /usr/lib/jvm/java-17-openjdk-amd64/lib/libzip.so
7f208801b000-7f208801d000 r--p 00007000 08:20 370149                     /usr/lib/jvm/java-17-openjdk-amd64/lib/libzip.so
7f208801d000-7f208801e000 r--p 00008000 08:20 370149                     /usr/lib/jvm/java-17-openjdk-amd64/lib/libzip.so
7f208801e000-7f208801f000 rw-p 00009000 08:20 370149                     /usr/lib/jvm/java-17-openjdk-amd64/lib/libzip.so
7f208801f000-7f2088020000 r--p 00000000 08:20 21888                      /usr/lib/locale/C.UTF-8/LC_NUMERIC
7f2088020000-7f2088021000 r--p 00000000 08:20 21891                      /usr/lib/locale/C.UTF-8/LC_TIME
7f2088021000-7f2088022000 r--p 00000000 08:20 21886                      /usr/lib/locale/C.UTF-8/LC_MONETARY
7f2088022000-7f2088023000 r--p 00000000 08:20 21885                      /usr/lib/locale/C.UTF-8/LC_MESSAGES/SYS_LC_MESSAGES
7f2088023000-7f2088024000 r--p 00000000 08:20 21889                      /usr/lib/locale/C.UTF-8/LC_PAPER
7f2088024000-7f2088025000 r--p 00000000 08:20 21887                      /usr/lib/locale/C.UTF-8/LC_NAME
7f2088025000-7f2088026000 r--p 00000000 08:20 21880                      /usr/lib/locale/C.UTF-8/LC_ADDRESS
7f2088026000-7f2088027000 r--p 00000000 08:20 21890                      /usr/lib/locale/C.UTF-8/LC_TELEPHONE
7f2088027000-7f2088028000 r--p 00000000 08:20 21884                      /usr/lib/locale/C.UTF-8/LC_MEASUREMENT
7f2088028000-7f208802f000 r--s 00000000 08:20 53161                      /usr/lib/x86_64-linux-gnu/gconv/gconv-modules.cache
7f208802f000-7f20887d2000 rw-p 00000000 00:00 0 
7f20887d2000-7f20887d3000 ---p 00000000 00:00 0 
7f20887d3000-7f20888d4000 rw-p 00000000 00:00 0 
7f20888d4000-7f20888d5000 ---p 00000000 00:00 0 
7f20888d5000-7f20889d6000 rw-p 00000000 00:00 0 
7f20889d6000-7f20889d7000 ---p 00000000 00:00 0 
7f20889d7000-7f2088bf5000 rw-p 00000000 00:00 0 
7f2088bf5000-7f20896ed000 ---p 00000000 00:00 0 
7f20896ed000-7f208a109000 rw-p 00000000 00:00 0 
7f208a109000-7f208a15b000 ---p 00000000 00:00 0 
7f208a15b000-7f208a15e000 r--p 00000000 08:20 25090                      /usr/lib/x86_64-linux-gnu/libnss_files-2.31.so
7f208a15e000-7f208a165000 r-xp 00003000 08:20 25090                      /usr/lib/x86_64-linux-gnu/libnss_files-2.31.so
7f208a165000-7f208a167000 r--p 0000a000 08:20 25090                      /usr/lib/x86_64-linux-gnu/libnss_files-2.31.so
7f208a167000-7f208a168000 r--p 0000b000 08:20 25090                      /usr/lib/x86_64-linux-gnu/libnss_files-2.31.so
7f208a168000-7f208a169000 rw-p 0000c000 08:20 25090                      /usr/lib/x86_64-linux-gnu/libnss_files-2.31.so
7f208a169000-7f208a16f000 rw-p 00000000 00:00 0 
7f208a16f000-7f208a170000 r--p 00000000 08:20 21883                      /usr/lib/locale/C.UTF-8/LC_IDENTIFICATION
7f208a170000-7f208a178000 rw-s 00000000 08:20 281716                     /tmp/hsperfdata_giovani/5785
7f208a178000-7f208a17b000 r--p 00000000 08:20 280113                     /usr/lib/jvm/java-17-openjdk-amd64/lib/libjdwp.so
7f208a17b000-7f208a1a8000 r-xp 00003000 08:20 280113                     /usr/lib/jvm/java-17-openjdk-amd64/lib/libjdwp.so
7f208a1a8000-7f208a1b6000 r--p 00030000 08:20 280113                     /usr/lib/jvm/java-17-openjdk-amd64/lib/libjdwp.so
7f208a1b6000-7f208a1b7000 ---p 0003e000 08:20 280113                     /usr/lib/jvm/java-17-openjdk-amd64/lib/libjdwp.so
7f208a1b7000-7f208a1b8000 r--p 0003e000 08:20 280113                     /usr/lib/jvm/java-17-openjdk-amd64/lib/libjdwp.so
7f208a1b8000-7f208a1b9000 rw-p 0003f000 08:20 280113                     /usr/lib/jvm/java-17-openjdk-amd64/lib/libjdwp.so
7f208a1b9000-7f208a1ba000 rw-p 00000000 00:00 0 
7f208a1ba000-7f208a1c6000 r--p 00000000 08:20 280109                     /usr/lib/jvm/java-17-openjdk-amd64/lib/libjava.so
7f208a1c6000-7f208a1d9000 r-xp 0000c000 08:20 280109                     /usr/lib/jvm/java-17-openjdk-amd64/lib/libjava.so
7f208a1d9000-7f208a1df000 r--p 0001f000 08:20 280109                     /usr/lib/jvm/java-17-openjdk-amd64/lib/libjava.so
7f208a1df000-7f208a1e0000 ---p 00025000 08:20 280109                     /usr/lib/jvm/java-17-openjdk-amd64/lib/libjava.so
7f208a1e0000-7f208a1e1000 r--p 00025000 08:20 280109                     /usr/lib/jvm/java-17-openjdk-amd64/lib/libjava.so
7f208a1e1000-7f208a1e2000 rw-p 00026000 08:20 280109                     /usr/lib/jvm/java-17-openjdk-amd64/lib/libjava.so
7f208a1e2000-7f208a1e3000 rw-p 00000000 00:00 0 
7f208a1e3000-7f208a1e4000 r--p 00000000 08:20 280099                     /usr/lib/jvm/java-17-openjdk-amd64/lib/libinstrument.so
7f208a1e4000-7f208a1ea000 r-xp 00001000 08:20 280099                     /usr/lib/jvm/java-17-openjdk-amd64/lib/libinstrument.so
7f208a1ea000-7f208a1ed000 r--p 00007000 08:20 280099                     /usr/lib/jvm/java-17-openjdk-amd64/lib/libinstrument.so
7f208a1ed000-7f208a1ee000 r--p 00009000 08:20 280099                     /usr/lib/jvm/java-17-openjdk-amd64/lib/libinstrument.so
7f208a1ee000-7f208a1ef000 rw-p 0000a000 08:20 280099                     /usr/lib/jvm/java-17-openjdk-amd64/lib/libinstrument.so
7f208a1ef000-7f208a1f0000 ---p 00000000 00:00 0 
7f208a1f0000-7f208a1f1000 r--p 00000000 00:00 0 
7f208a1f1000-7f208a1f5000 ---p 00000000 00:00 0 
7f208a1f5000-7f208a2f2000 rw-p 00000000 00:00 0 
7f208a2f2000-7f208a2f5000 r--p 00000000 08:20 12479                      /usr/lib/x86_64-linux-gnu/libgcc_s.so.1
7f208a2f5000-7f208a307000 r-xp 00003000 08:20 12479                      /usr/lib/x86_64-linux-gnu/libgcc_s.so.1
7f208a307000-7f208a30b000 r--p 00015000 08:20 12479                      /usr/lib/x86_64-linux-gnu/libgcc_s.so.1
7f208a30b000-7f208a30c000 r--p 00018000 08:20 12479                      /usr/lib/x86_64-linux-gnu/libgcc_s.so.1
7f208a30c000-7f208a30d000 rw-p 00019000 08:20 12479                      /usr/lib/x86_64-linux-gnu/libgcc_s.so.1
7f208a30d000-7f208a31a000 r--p 00000000 08:20 24934                      /usr/lib/x86_64-linux-gnu/libm-2.31.so
7f208a31a000-7f208a3c1000 r-xp 0000d000 08:20 24934                      /usr/lib/x86_64-linux-gnu/libm-2.31.so
7f208a3c1000-7f208a45a000 r--p 000b4000 08:20 24934                      /usr/lib/x86_64-linux-gnu/libm-2.31.so
7f208a45a000-7f208a45b000 r--p 0014c000 08:20 24934                      /usr/lib/x86_64-linux-gnu/libm-2.31.so
7f208a45b000-7f208a45c000 rw-p 0014d000 08:20 24934                      /usr/lib/x86_64-linux-gnu/libm-2.31.so
7f208a45c000-7f208a4f2000 r--p 00000000 08:20 12795                      /usr/lib/x86_64-linux-gnu/libstdc++.so.6.0.28
7f208a4f2000-7f208a5e3000 r-xp 00096000 08:20 12795                      /usr/lib/x86_64-linux-gnu/libstdc++.so.6.0.28
7f208a5e3000-7f208a62c000 r--p 00187000 08:20 12795                      /usr/lib/x86_64-linux-gnu/libstdc++.so.6.0.28
7f208a62c000-7f208a62d000 ---p 001d0000 08:20 12795                      /usr/lib/x86_64-linux-gnu/libstdc++.so.6.0.28
7f208a62d000-7f208a638000 r--p 001d0000 08:20 12795                      /usr/lib/x86_64-linux-gnu/libstdc++.so.6.0.28
7f208a638000-7f208a63b000 rw-p 001db000 08:20 12795                      /usr/lib/x86_64-linux-gnu/libstdc++.so.6.0.28
7f208a63b000-7f208a63e000 rw-p 00000000 00:00 0 
7f208a63e000-7f208a88e000 r--p 00000000 08:20 370159                     /usr/lib/jvm/java-17-openjdk-amd64/lib/server/libjvm.so
7f208a88e000-7f208b622000 r-xp 00250000 08:20 370159                     /usr/lib/jvm/java-17-openjdk-amd64/lib/server/libjvm.so
7f208b622000-7f208b8a9000 r--p 00fe4000 08:20 370159                     /usr/lib/jvm/java-17-openjdk-amd64/lib/server/libjvm.so
7f208b8a9000-7f208b8aa000 ---p 0126b000 08:20 370159                     /usr/lib/jvm/java-17-openjdk-amd64/lib/server/libjvm.so
7f208b8aa000-7f208b962000 r--p 0126b000 08:20 370159                     /usr/lib/jvm/java-17-openjdk-amd64/lib/server/libjvm.so
7f208b962000-7f208b997000 rw-p 01323000 08:20 370159                     /usr/lib/jvm/java-17-openjdk-amd64/lib/server/libjvm.so
7f208b997000-7f208b9f3000 rw-p 00000000 00:00 0 
7f208b9f3000-7f208b9f9000 r--p 00000000 08:20 25128                      /usr/lib/x86_64-linux-gnu/libpthread-2.31.so
7f208b9f9000-7f208ba0a000 r-xp 00006000 08:20 25128                      /usr/lib/x86_64-linux-gnu/libpthread-2.31.so
7f208ba0a000-7f208ba10000 r--p 00017000 08:20 25128                      /usr/lib/x86_64-linux-gnu/libpthread-2.31.so
7f208ba10000-7f208ba11000 r--p 0001c000 08:20 25128                      /usr/lib/x86_64-linux-gnu/libpthread-2.31.so
7f208ba11000-7f208ba12000 rw-p 0001d000 08:20 25128                      /usr/lib/x86_64-linux-gnu/libpthread-2.31.so
7f208ba12000-7f208ba16000 rw-p 00000000 00:00 0 
7f208ba16000-7f208ba17000 r--p 00000000 08:20 24931                      /usr/lib/x86_64-linux-gnu/libdl-2.31.so
7f208ba17000-7f208ba19000 r-xp 00001000 08:20 24931                      /usr/lib/x86_64-linux-gnu/libdl-2.31.so
7f208ba19000-7f208ba1a000 r--p 00003000 08:20 24931                      /usr/lib/x86_64-linux-gnu/libdl-2.31.so
7f208ba1a000-7f208ba1b000 r--p 00003000 08:20 24931                      /usr/lib/x86_64-linux-gnu/libdl-2.31.so
7f208ba1b000-7f208ba1c000 rw-p 00004000 08:20 24931                      /usr/lib/x86_64-linux-gnu/libdl-2.31.so
7f208ba1c000-7f208ba1e000 r--p 00000000 08:20 29196                      /usr/lib/x86_64-linux-gnu/libz.so.1.2.11
7f208ba1e000-7f208ba2f000 r-xp 00002000 08:20 29196                      /usr/lib/x86_64-linux-gnu/libz.so.1.2.11
7f208ba2f000-7f208ba35000 r--p 00013000 08:20 29196                      /usr/lib/x86_64-linux-gnu/libz.so.1.2.11
7f208ba35000-7f208ba36000 ---p 00019000 08:20 29196                      /usr/lib/x86_64-linux-gnu/libz.so.1.2.11
7f208ba36000-7f208ba37000 r--p 00019000 08:20 29196                      /usr/lib/x86_64-linux-gnu/libz.so.1.2.11
7f208ba37000-7f208ba38000 rw-p 0001a000 08:20 29196                      /usr/lib/x86_64-linux-gnu/libz.so.1.2.11
7f208ba38000-7f208ba5a000 r--p 00000000 08:20 24922                      /usr/lib/x86_64-linux-gnu/libc-2.31.so
7f208ba5a000-7f208bbd2000 r-xp 00022000 08:20 24922                      /usr/lib/x86_64-linux-gnu/libc-2.31.so
7f208bbd2000-7f208bc20000 r--p 0019a000 08:20 24922                      /usr/lib/x86_64-linux-gnu/libc-2.31.so
7f208bc20000-7f208bc24000 r--p 001e7000 08:20 24922                      /usr/lib/x86_64-linux-gnu/libc-2.31.so
7f208bc24000-7f208bc26000 rw-p 001eb000 08:20 24922                      /usr/lib/x86_64-linux-gnu/libc-2.31.so
7f208bc26000-7f208bc2a000 rw-p 00000000 00:00 0 
7f208bc2a000-7f208bc2c000 r--p 00000000 08:20 280115                     /usr/lib/jvm/java-17-openjdk-amd64/lib/libjimage.so
7f208bc2c000-7f208bc2f000 r-xp 00002000 08:20 280115                     /usr/lib/jvm/java-17-openjdk-amd64/lib/libjimage.so
7f208bc2f000-7f208bc30000 r--p 00005000 08:20 280115                     /usr/lib/jvm/java-17-openjdk-amd64/lib/libjimage.so
7f208bc30000-7f208bc31000 ---p 00006000 08:20 280115                     /usr/lib/jvm/java-17-openjdk-amd64/lib/libjimage.so
7f208bc31000-7f208bc32000 r--p 00006000 08:20 280115                     /usr/lib/jvm/java-17-openjdk-amd64/lib/libjimage.so
7f208bc32000-7f208bc33000 rw-p 00007000 08:20 280115                     /usr/lib/jvm/java-17-openjdk-amd64/lib/libjimage.so
7f208bc33000-7f208bc35000 r--p 00000000 08:20 280117                     /usr/lib/jvm/java-17-openjdk-amd64/lib/libjli.so
7f208bc35000-7f208bc3f000 r-xp 00002000 08:20 280117                     /usr/lib/jvm/java-17-openjdk-amd64/lib/libjli.so
7f208bc3f000-7f208bc42000 r--p 0000c000 08:20 280117                     /usr/lib/jvm/java-17-openjdk-amd64/lib/libjli.so
7f208bc42000-7f208bc43000 ---p 0000f000 08:20 280117                     /usr/lib/jvm/java-17-openjdk-amd64/lib/libjli.so
7f208bc43000-7f208bc44000 r--p 0000f000 08:20 280117                     /usr/lib/jvm/java-17-openjdk-amd64/lib/libjli.so
7f208bc44000-7f208bc45000 rw-p 00010000 08:20 280117                     /usr/lib/jvm/java-17-openjdk-amd64/lib/libjli.so
7f208bc45000-7f208bc47000 rw-p 00000000 00:00 0 
7f208bc47000-7f208bc48000 r--p 00000000 08:20 24874                      /usr/lib/x86_64-linux-gnu/ld-2.31.so
7f208bc48000-7f208bc6b000 r-xp 00001000 08:20 24874                      /usr/lib/x86_64-linux-gnu/ld-2.31.so
7f208bc6b000-7f208bc73000 r--p 00024000 08:20 24874                      /usr/lib/x86_64-linux-gnu/ld-2.31.so
7f208bc73000-7f208bc74000 ---p 00000000 00:00 0 
7f208bc74000-7f208bc75000 r--p 0002c000 08:20 24874                      /usr/lib/x86_64-linux-gnu/ld-2.31.so
7f208bc75000-7f208bc76000 rw-p 0002d000 08:20 24874                      /usr/lib/x86_64-linux-gnu/ld-2.31.so
7f208bc76000-7f208bc77000 rw-p 00000000 00:00 0 
7fff410d0000-7fff410f2000 rw-p 00000000 00:00 0                          [stack]
7fff4114a000-7fff4114e000 r--p 00000000 00:00 0                          [vvar]
7fff4114e000-7fff41150000 r-xp 00000000 00:00 0                          [vdso]


VM Arguments:
jvm_args: -Dquarkus-internal.serialized-app-model.path=/home/giovani/users/target/quarkus/bootstrap/dev-app-model.dat -javaagent:/home/giovani/.m2/repository/io/quarkus/quarkus-class-change-agent/3.0.2.Final/quarkus-class-change-agent-3.0.2.Final.jar -XX:TieredStopAtLevel=1 -agentlib:jdwp=transport=dt_socket,address=localhost:5005,server=y,suspend=n -Djava.util.logging.manager=org.jboss.logmanager.LogManager 
java_command: /home/giovani/users/target/users-dev.jar
java_class_path (initial): /home/giovani/users/target/users-dev.jar
Launcher Type: SUN_STANDARD

[Global flags]
     intx CICompilerCount                          = 4                                         {product} {ergonomic}
     uint ConcGCThreads                            = 3                                         {product} {ergonomic}
     uint G1ConcRefinementThreads                  = 10                                        {product} {ergonomic}
   size_t G1HeapRegionSize                         = 4194304                                   {product} {ergonomic}
    uintx GCDrainStackTargetSize                   = 64                                        {product} {ergonomic}
   size_t InitialHeapSize                          = 394264576                                 {product} {ergonomic}
   size_t MarkStackSize                            = 4194304                                   {product} {ergonomic}
   size_t MaxHeapSize                              = 6291456000                                {product} {ergonomic}
   size_t MaxNewSize                               = 3774873600                                {product} {ergonomic}
   size_t MinHeapDeltaBytes                        = 4194304                                   {product} {ergonomic}
   size_t MinHeapSize                              = 8388608                                   {product} {ergonomic}
    uintx NonProfiledCodeHeapSize                  = 0                                      {pd product} {ergonomic}
     bool ProfileInterpreter                       = false                                  {pd product} {command line}
    uintx ProfiledCodeHeapSize                     = 0                                      {pd product} {ergonomic}
   size_t SoftMaxHeapSize                          = 6291456000                             {manageable} {ergonomic}
     intx TieredStopAtLevel                        = 1                                         {product} {command line}
     bool UseCompressedClassPointers               = true                           {product lp64_product} {ergonomic}
     bool UseCompressedOops                        = true                           {product lp64_product} {ergonomic}
     bool UseG1GC                                  = true                                      {product} {ergonomic}

Logging:
Log output configuration:
 #0: stdout all=warning uptime,level,tags
 #1: stderr all=off uptime,level,tags

Environment Variables:
JAVA_HOME=/usr/lib/jvm/java-17-openjdk-amd64
PATH=/home/giovani/.jbang/bin:/home/giovani/.vscode-server/bin/b3e4e68a0bc097f0ae7907b217c1119af9e03435/bin/remote-cli:/home/giovani/.jbang/bin:/home/giovani/.nvm/versions/node/v17.9.0/bin:/usr/local/sbin:/usr/local/bin:/usr/sbin:/usr/bin:/sbin:/bin:/usr/games:/usr/local/games:/usr/lib/wsl/lib:/mnt/c/Program Files/Common Files/Oracle/Java/javapath:/mnt/c/Windows/system32:/mnt/c/Windows:/mnt/c/Windows/System32/Wbem:/mnt/c/Windows/System32/WindowsPowerShell/v1.0/:/mnt/c/Windows/System32/OpenSSH/:/mnt/c/Program Files/NVIDIA Corporation/NVIDIA NvDLISR:/mnt/c/Program Files (x86)/NVIDIA Corporation/PhysX/Common:/mnt/c/WINDOWS/system32:/mnt/c/WINDOWS:/mnt/c/WINDOWS/System32/Wbem:/mnt/c/WINDOWS/System32/WindowsPowerShell/v1.0/:/mnt/c/WINDOWS/System32/OpenSSH/:/mnt/c/ProgramData/chocolatey/bin:/mnt/c/Program Files/nodejs/:/mnt/c/Program Files/Git/cmd:/mnt/c/Program Files (x86)/Yarn/bin/:/mnt/c/Program Files/Docker/Docker/resources/bin:/mnt/c/Users/Giovani/AppData/Local/Microsoft/WindowsApps:/mnt/c/Users/Giovani/AppData/Local/Programs/Microsoft VS Code/bin:/mnt/c/Users/Giovani/AppData/Roaming/npm:/mnt/c/Users/Giovani/AppData/Local/Yarn/bin:/mnt/c/Program Files/JetBrains/IntelliJ IDEA 2022.2/bin:/mnt/c/maven/apache-maven-3.8.6/bin:/home/giovani/.fzf/bin
SHELL=/usr/bin/zsh
DISPLAY=:0
HOSTTYPE=x86_64
LANG=C.UTF-8
TERM=xterm-256color

Active Locale:
LC_ALL=C.UTF-8
LC_COLLATE=C.UTF-8
LC_CTYPE=C.UTF-8
LC_MESSAGES=C.UTF-8
LC_MONETARY=C.UTF-8
LC_NUMERIC=C.UTF-8
LC_TIME=C.UTF-8

Signal Handlers:
   SIGSEGV: crash_handler in libjvm.so, mask=11100100010111111101111111111110, flags=SA_RESTART|SA_SIGINFO, unblocked
    SIGBUS: crash_handler in libjvm.so, mask=11100100010111111101111111111110, flags=SA_RESTART|SA_SIGINFO, unblocked
    SIGFPE: crash_handler in libjvm.so, mask=11100100010111111101111111111110, flags=SA_RESTART|SA_SIGINFO, unblocked
   SIGPIPE: javaSignalHandler in libjvm.so, mask=11100100010111111101111111111110, flags=SA_RESTART|SA_SIGINFO, blocked
   SIGXFSZ: javaSignalHandler in libjvm.so, mask=11100100010111111101111111111110, flags=SA_RESTART|SA_SIGINFO, blocked
    SIGILL: crash_handler in libjvm.so, mask=11100100010111111101111111111110, flags=SA_RESTART|SA_SIGINFO, unblocked
   SIGUSR2: SR_handler in libjvm.so, mask=00100000000000000000000000000000, flags=SA_RESTART|SA_SIGINFO, blocked
    SIGHUP: UserHandler in libjvm.so, mask=11100100010111111101111111111110, flags=SA_RESTART|SA_SIGINFO, blocked
    SIGINT: UserHandler in libjvm.so, mask=11100100010111111101111111111110, flags=SA_RESTART|SA_SIGINFO, blocked
   SIGTERM: UserHandler in libjvm.so, mask=11100100010111111101111111111110, flags=SA_RESTART|SA_SIGINFO, blocked
   SIGQUIT: UserHandler in libjvm.so, mask=11100100010111111101111111111110, flags=SA_RESTART|SA_SIGINFO, blocked
   SIGTRAP: crash_handler in libjvm.so, mask=11100100010111111101111111111110, flags=SA_RESTART|SA_SIGINFO, unblocked


---------------  S Y S T E M  ---------------

OS:
DISTRIB_ID=Ubuntu
DISTRIB_RELEASE=20.04
DISTRIB_CODENAME=focal
DISTRIB_DESCRIPTION="Ubuntu 20.04.6 LTS"
uname: Linux 5.15.90.1-microsoft-standard-WSL2 #1 SMP Fri Jan 27 02:56:13 UTC 2023 x86_64
OS uptime: 0 days 0:02 hours
libc: glibc 2.31 NPTL 2.31 
rlimit (soft/hard): STACK 8192k/infinity , CORE 0k/infinity , NPROC 95939/95939 , NOFILE 1048576/1048576 , AS infinity/infinity , CPU infinity/infinity , DATA infinity/infinity , FSIZE infinity/infinity , MEMLOCK 65536k/65536k
load average: 1.83 0.59 0.21

/proc/meminfo:
MemTotal:       24566888 kB
MemFree:        20471600 kB
MemAvailable:   21560756 kB
Buffers:           69640 kB
Cached:          1289520 kB
SwapCached:            0 kB
Active:           624680 kB
Inactive:        3047120 kB
Active(anon):       1896 kB
Inactive(anon):  2313152 kB
Active(file):     622784 kB
Inactive(file):   733968 kB
Unevictable:           0 kB
Mlocked:               0 kB
SwapTotal:       6291456 kB
SwapFree:        6291456 kB
Dirty:             32020 kB
Writeback:           268 kB
AnonPages:       2304176 kB
Mapped:           201920 kB
Shmem:              2264 kB
KReclaimable:      72008 kB
Slab:             130756 kB
SReclaimable:      72008 kB
SUnreclaim:        58748 kB
KernelStack:        9056 kB
PageTables:        19684 kB
NFS_Unstable:          0 kB
Bounce:                0 kB
WritebackTmp:          0 kB
CommitLimit:    18574900 kB
Committed_AS:    3992224 kB
VmallocTotal:   34359738367 kB
VmallocUsed:       30148 kB
VmallocChunk:          0 kB
Percpu:             4352 kB
AnonHugePages:   1116160 kB
ShmemHugePages:        0 kB
ShmemPmdMapped:        0 kB
FileHugePages:         0 kB
FilePmdMapped:         0 kB
HugePages_Total:       0
HugePages_Free:        0
HugePages_Rsvd:        0
HugePages_Surp:        0
Hugepagesize:       2048 kB
Hugetlb:               0 kB
DirectMap4k:      109568 kB
DirectMap2M:    11376640 kB
DirectMap1G:    23068672 kB

/sys/kernel/mm/transparent_hugepage/enabled: [always] madvise never
/sys/kernel/mm/transparent_hugepage/defrag (defrag/compaction efforts parameter): always defer defer+madvise [madvise] never

Process Memory:
Virtual Size: 10233272K (peak: 10233272K)
Resident Set Size: 210036K (peak: 210036K) (anon: 182416K, file: 27620K, shmem: 0K)
Swapped out: 0K
C-Heap outstanding allocations: 56426K, retained: 4109K
glibc malloc tunables: (default)

/proc/sys/kernel/threads-max (system-wide limit on the number of threads): 191878
/proc/sys/vm/max_map_count (maximum number of memory map areas a process may have): 65530
/proc/sys/kernel/pid_max (system-wide limit on number of process identifiers): 32768

container (cgroup) information:
container_type: cgroupv1
cpu_cpuset_cpus: 0-11
cpu_memory_nodes: 0
active_processor_count: 12
cpu_quota: no quota
cpu_period: 100000
cpu_shares: no shares
memory_limit_in_bytes: unlimited
memory_and_swap_limit_in_bytes: unlimited
memory_soft_limit_in_bytes: unlimited
memory_usage_in_bytes: 3664024 k
memory_max_usage_in_bytes: unlimited
kernel_memory_usage_in_bytes: unlimited
kernel_memory_max_usage_in_bytes: unlimited
kernel_memory_limit_in_bytes: unlimited
maximum number of tasks: not supported
current number of tasks: not supported

Hyper-V virtualization detected
Steal ticks since vm start: 0
Steal ticks percentage since vm start:  0.000

CPU: total 12 (initial active 12) (16 cores per cpu, 2 threads per core) family 25 model 33 stepping 2 microcode 0xffffffff, cx8, cmov, fxsr, ht, mmx, 3dnowpref, sse, sse2, sse3, ssse3, sse4a, sse4.1, sse4.2, popcnt, lzcnt, tsc, tscinvbit, avx, avx2, aes, erms, clmul, bmi1, bmi2, adx, sha, fma, vzeroupper, clflush, clflushopt, hv
CPU Model and flags from /proc/cpuinfo:
model name	: AMD Ryzen 5 5600X 6-Core Processor
flags		: fpu vme de pse tsc msr pae mce cx8 apic sep mtrr pge mca cmov pat pse36 clflush mmx fxsr sse sse2 ht syscall nx mmxext fxsr_opt pdpe1gb rdtscp lm constant_tsc rep_good nopl tsc_reliable nonstop_tsc cpuid extd_apicid pni pclmulqdq ssse3 fma cx16 sse4_1 sse4_2 movbe popcnt aes xsave avx f16c rdrand hypervisor lahf_lm cmp_legacy svm cr8_legacy abm sse4a misalignsse 3dnowprefetch osvw topoext perfctr_core ssbd ibrs ibpb stibp vmmcall fsgsbase bmi1 avx2 smep bmi2 erms invpcid rdseed adx smap clflushopt clwb sha_ni xsaveopt xsavec xgetbv1 xsaves clzero xsaveerptr arat npt nrip_save tsc_scale vmcb_clean flushbyasid decodeassists pausefilter pfthreshold v_vmsave_vmload umip vaes vpclmulqdq rdpid fsrm

Online cpus: 0-11
Offline cpus: 
BIOS frequency limitation: <Not Available>
Frequency switch latency (ns): <Not Available>
Available cpu frequencies: <Not Available>
Current governor: <Not Available>
Core performance/turbo boost: <Not Available>

Memory: 4k page, physical 24566888k(20471600k free), swap 6291456k(6291456k free)
Page Sizes: 4k

vm_info: OpenJDK 64-Bit Server VM (17.0.7+7-Ubuntu-0ubuntu120.04) for linux-amd64 JRE (17.0.7+7-Ubuntu-0ubuntu120.04), built on May  6 2023 14:42:06 by "buildd" with gcc 9.4.0

END.
